[0.018s] Invoking command in '/home/soethutun/final/build/custom_interfaces': CMAKE_PREFIX_PATH=${CMAKE_PREFIX_PATH}:/home/soethutun/ros2_ws/install/urdf_lesson:/home/soethutun/ros2_ws/install/my_pkg:/home/soethutun/ros2_ws/install/action_lesson:/home/soethutun/midterm/install/pkg1:/home/soethutun/workspace/install/my_robot_controller:/home/soethutun/workspace/install/exercises:/home/soethutun/turtlebot3_ws/install/turtlebot3_teleop:/home/soethutun/turtlebot3_ws/install/turtlebot3_example:/opt/ros/humble /usr/bin/cmake --build /home/soethutun/final/build/custom_interfaces -- -j4 -l4
[0.089s] [  9%] Built target custom_interfaces__rosidl_generator_c
[0.092s] [ 12%] Built target custom_interfaces__cpp
[0.121s] [ 12%] Built target ament_cmake_python_copy_custom_interfaces
[0.133s] [ 22%] Built target custom_interfaces__rosidl_typesupport_introspection_c
[0.136s] [ 32%] Built target custom_interfaces__rosidl_typesupport_c
[0.146s] [ 41%] Built target custom_interfaces__rosidl_typesupport_fastrtps_c
[0.191s] [ 51%] Built target custom_interfaces__rosidl_typesupport_fastrtps_cpp
[0.197s] [ 61%] Built target custom_interfaces__rosidl_typesupport_introspection_cpp
[0.199s] [ 70%] Built target custom_interfaces__rosidl_typesupport_cpp
[0.238s] [ 70%] Built target custom_interfaces
[0.274s] [ 74%] Built target custom_interfaces__py
[0.307s] [ 80%] Built target custom_interfaces__rosidl_generator_py
[0.346s] [ 87%] Built target custom_interfaces__rosidl_typesupport_c__pyext
[0.359s] [ 93%] Built target custom_interfaces__rosidl_typesupport_fastrtps_c__pyext
[0.363s] [100%] Built target custom_interfaces__rosidl_typesupport_introspection_c__pyext
[0.466s] running egg_info
[0.466s] writing custom_interfaces.egg-info/PKG-INFO
[0.467s] writing dependency_links to custom_interfaces.egg-info/dependency_links.txt
[0.467s] writing top-level names to custom_interfaces.egg-info/top_level.txt
[0.469s] reading manifest file 'custom_interfaces.egg-info/SOURCES.txt'
[0.470s] writing manifest file 'custom_interfaces.egg-info/SOURCES.txt'
[0.499s] [100%] Built target ament_cmake_python_build_custom_interfaces_egg
[0.510s] Invoked command in '/home/soethutun/final/build/custom_interfaces' returned '0': CMAKE_PREFIX_PATH=${CMAKE_PREFIX_PATH}:/home/soethutun/ros2_ws/install/urdf_lesson:/home/soethutun/ros2_ws/install/my_pkg:/home/soethutun/ros2_ws/install/action_lesson:/home/soethutun/midterm/install/pkg1:/home/soethutun/workspace/install/my_robot_controller:/home/soethutun/workspace/install/exercises:/home/soethutun/turtlebot3_ws/install/turtlebot3_teleop:/home/soethutun/turtlebot3_ws/install/turtlebot3_example:/opt/ros/humble /usr/bin/cmake --build /home/soethutun/final/build/custom_interfaces -- -j4 -l4
[0.520s] Invoking command in '/home/soethutun/final/build/custom_interfaces': CMAKE_PREFIX_PATH=${CMAKE_PREFIX_PATH}:/home/soethutun/ros2_ws/install/urdf_lesson:/home/soethutun/ros2_ws/install/my_pkg:/home/soethutun/ros2_ws/install/action_lesson:/home/soethutun/midterm/install/pkg1:/home/soethutun/workspace/install/my_robot_controller:/home/soethutun/workspace/install/exercises:/home/soethutun/turtlebot3_ws/install/turtlebot3_teleop:/home/soethutun/turtlebot3_ws/install/turtlebot3_example:/opt/ros/humble /usr/bin/cmake --install /home/soethutun/final/build/custom_interfaces
[0.527s] -- Install configuration: ""
[0.530s] -- Up-to-date: /home/soethutun/final/install/custom_interfaces/share/ament_index/resource_index/rosidl_interfaces/custom_interfaces
[0.530s] -- Up-to-date: /home/soethutun/final/install/custom_interfaces/include/custom_interfaces/custom_interfaces
[0.530s] -- Up-to-date: /home/soethutun/final/install/custom_interfaces/include/custom_interfaces/custom_interfaces/msg
[0.530s] -- Up-to-date: /home/soethutun/final/install/custom_interfaces/include/custom_interfaces/custom_interfaces/msg/obstacle_status.h
[0.530s] -- Up-to-date: /home/soethutun/final/install/custom_interfaces/include/custom_interfaces/custom_interfaces/msg/rosidl_generator_c__visibility_control.h
[0.530s] -- Up-to-date: /home/soethutun/final/install/custom_interfaces/include/custom_interfaces/custom_interfaces/msg/detail
[0.530s] -- Up-to-date: /home/soethutun/final/install/custom_interfaces/include/custom_interfaces/custom_interfaces/msg/detail/obstacle_status__functions.c
[0.530s] -- Up-to-date: /home/soethutun/final/install/custom_interfaces/include/custom_interfaces/custom_interfaces/msg/detail/obstacle_status__struct.h
[0.530s] -- Up-to-date: /home/soethutun/final/install/custom_interfaces/include/custom_interfaces/custom_interfaces/msg/detail/obstacle_status__type_support.h
[0.530s] -- Up-to-date: /home/soethutun/final/install/custom_interfaces/include/custom_interfaces/custom_interfaces/msg/detail/obstacle_status__functions.h
[0.530s] -- Up-to-date: /home/soethutun/final/install/custom_interfaces/share/custom_interfaces/environment/library_path.sh
[0.530s] -- Up-to-date: /home/soethutun/final/install/custom_interfaces/share/custom_interfaces/environment/library_path.dsv
[0.530s] -- Up-to-date: /home/soethutun/final/install/custom_interfaces/lib/libcustom_interfaces__rosidl_generator_c.so
[0.530s] -- Up-to-date: /home/soethutun/final/install/custom_interfaces/include/custom_interfaces/custom_interfaces
[0.530s] -- Up-to-date: /home/soethutun/final/install/custom_interfaces/include/custom_interfaces/custom_interfaces/msg
[0.531s] -- Up-to-date: /home/soethutun/final/install/custom_interfaces/include/custom_interfaces/custom_interfaces/msg/rosidl_typesupport_fastrtps_c__visibility_control.h
[0.531s] -- Up-to-date: /home/soethutun/final/install/custom_interfaces/include/custom_interfaces/custom_interfaces/msg/detail
[0.531s] -- Up-to-date: /home/soethutun/final/install/custom_interfaces/include/custom_interfaces/custom_interfaces/msg/detail/obstacle_status__rosidl_typesupport_fastrtps_c.h
[0.531s] -- Up-to-date: /home/soethutun/final/install/custom_interfaces/lib/libcustom_interfaces__rosidl_typesupport_fastrtps_c.so
[0.531s] -- Up-to-date: /home/soethutun/final/install/custom_interfaces/include/custom_interfaces/custom_interfaces
[0.531s] -- Up-to-date: /home/soethutun/final/install/custom_interfaces/include/custom_interfaces/custom_interfaces/msg
[0.531s] -- Up-to-date: /home/soethutun/final/install/custom_interfaces/include/custom_interfaces/custom_interfaces/msg/obstacle_status.hpp
[0.531s] -- Up-to-date: /home/soethutun/final/install/custom_interfaces/include/custom_interfaces/custom_interfaces/msg/detail
[0.531s] -- Up-to-date: /home/soethutun/final/install/custom_interfaces/include/custom_interfaces/custom_interfaces/msg/detail/obstacle_status__type_support.hpp
[0.532s] -- Up-to-date: /home/soethutun/final/install/custom_interfaces/include/custom_interfaces/custom_interfaces/msg/detail/obstacle_status__builder.hpp
[0.532s] -- Up-to-date: /home/soethutun/final/install/custom_interfaces/include/custom_interfaces/custom_interfaces/msg/detail/obstacle_status__struct.hpp
[0.532s] -- Up-to-date: /home/soethutun/final/install/custom_interfaces/include/custom_interfaces/custom_interfaces/msg/detail/obstacle_status__traits.hpp
[0.532s] -- Up-to-date: /home/soethutun/final/install/custom_interfaces/include/custom_interfaces/custom_interfaces/msg/rosidl_generator_cpp__visibility_control.hpp
[0.532s] -- Up-to-date: /home/soethutun/final/install/custom_interfaces/include/custom_interfaces/custom_interfaces
[0.532s] -- Up-to-date: /home/soethutun/final/install/custom_interfaces/include/custom_interfaces/custom_interfaces/msg
[0.532s] -- Up-to-date: /home/soethutun/final/install/custom_interfaces/include/custom_interfaces/custom_interfaces/msg/rosidl_typesupport_fastrtps_cpp__visibility_control.h
[0.532s] -- Up-to-date: /home/soethutun/final/install/custom_interfaces/include/custom_interfaces/custom_interfaces/msg/detail
[0.532s] -- Up-to-date: /home/soethutun/final/install/custom_interfaces/include/custom_interfaces/custom_interfaces/msg/detail/obstacle_status__rosidl_typesupport_fastrtps_cpp.hpp
[0.532s] -- Up-to-date: /home/soethutun/final/install/custom_interfaces/include/custom_interfaces/custom_interfaces/msg/detail/dds_fastrtps
[0.532s] -- Up-to-date: /home/soethutun/final/install/custom_interfaces/lib/libcustom_interfaces__rosidl_typesupport_fastrtps_cpp.so
[0.533s] -- Up-to-date: /home/soethutun/final/install/custom_interfaces/include/custom_interfaces/custom_interfaces
[0.533s] -- Up-to-date: /home/soethutun/final/install/custom_interfaces/include/custom_interfaces/custom_interfaces/msg
[0.533s] -- Up-to-date: /home/soethutun/final/install/custom_interfaces/include/custom_interfaces/custom_interfaces/msg/rosidl_typesupport_introspection_c__visibility_control.h
[0.533s] -- Up-to-date: /home/soethutun/final/install/custom_interfaces/include/custom_interfaces/custom_interfaces/msg/detail
[0.533s] -- Up-to-date: /home/soethutun/final/install/custom_interfaces/include/custom_interfaces/custom_interfaces/msg/detail/obstacle_status__type_support.c
[0.533s] -- Up-to-date: /home/soethutun/final/install/custom_interfaces/include/custom_interfaces/custom_interfaces/msg/detail/obstacle_status__rosidl_typesupport_introspection_c.h
[0.533s] -- Up-to-date: /home/soethutun/final/install/custom_interfaces/lib/libcustom_interfaces__rosidl_typesupport_introspection_c.so
[0.533s] -- Up-to-date: /home/soethutun/final/install/custom_interfaces/lib/libcustom_interfaces__rosidl_typesupport_c.so
[0.533s] -- Up-to-date: /home/soethutun/final/install/custom_interfaces/include/custom_interfaces/custom_interfaces
[0.533s] -- Up-to-date: /home/soethutun/final/install/custom_interfaces/include/custom_interfaces/custom_interfaces/msg
[0.533s] -- Up-to-date: /home/soethutun/final/install/custom_interfaces/include/custom_interfaces/custom_interfaces/msg/detail
[0.533s] -- Up-to-date: /home/soethutun/final/install/custom_interfaces/include/custom_interfaces/custom_interfaces/msg/detail/obstacle_status__type_support.cpp
[0.533s] -- Up-to-date: /home/soethutun/final/install/custom_interfaces/include/custom_interfaces/custom_interfaces/msg/detail/obstacle_status__rosidl_typesupport_introspection_cpp.hpp
[0.533s] -- Up-to-date: /home/soethutun/final/install/custom_interfaces/lib/libcustom_interfaces__rosidl_typesupport_introspection_cpp.so
[0.533s] -- Up-to-date: /home/soethutun/final/install/custom_interfaces/lib/libcustom_interfaces__rosidl_typesupport_cpp.so
[0.533s] -- Up-to-date: /home/soethutun/final/install/custom_interfaces/share/custom_interfaces/environment/pythonpath.sh
[0.533s] -- Up-to-date: /home/soethutun/final/install/custom_interfaces/share/custom_interfaces/environment/pythonpath.dsv
[0.533s] -- Up-to-date: /home/soethutun/final/install/custom_interfaces/local/lib/python3.10/dist-packages/custom_interfaces-0.0.0-py3.10.egg-info
[0.534s] -- Installing: /home/soethutun/final/install/custom_interfaces/local/lib/python3.10/dist-packages/custom_interfaces-0.0.0-py3.10.egg-info/PKG-INFO
[0.534s] -- Installing: /home/soethutun/final/install/custom_interfaces/local/lib/python3.10/dist-packages/custom_interfaces-0.0.0-py3.10.egg-info/dependency_links.txt
[0.534s] -- Installing: /home/soethutun/final/install/custom_interfaces/local/lib/python3.10/dist-packages/custom_interfaces-0.0.0-py3.10.egg-info/SOURCES.txt
[0.534s] -- Installing: /home/soethutun/final/install/custom_interfaces/local/lib/python3.10/dist-packages/custom_interfaces-0.0.0-py3.10.egg-info/top_level.txt
[0.534s] -- Up-to-date: /home/soethutun/final/install/custom_interfaces/local/lib/python3.10/dist-packages/custom_interfaces
[0.534s] -- Up-to-date: /home/soethutun/final/install/custom_interfaces/local/lib/python3.10/dist-packages/custom_interfaces/custom_interfaces_s__rosidl_typesupport_fastrtps_c.cpython-310-x86_64-linux-gnu.so
[0.534s] -- Up-to-date: /home/soethutun/final/install/custom_interfaces/local/lib/python3.10/dist-packages/custom_interfaces/_custom_interfaces_s.ep.rosidl_typesupport_fastrtps_c.c
[0.534s] -- Up-to-date: /home/soethutun/final/install/custom_interfaces/local/lib/python3.10/dist-packages/custom_interfaces/msg
[0.535s] -- Up-to-date: /home/soethutun/final/install/custom_interfaces/local/lib/python3.10/dist-packages/custom_interfaces/msg/_obstacle_status.py
[0.535s] -- Up-to-date: /home/soethutun/final/install/custom_interfaces/local/lib/python3.10/dist-packages/custom_interfaces/msg/_obstacle_status_s.c
[0.535s] -- Up-to-date: /home/soethutun/final/install/custom_interfaces/local/lib/python3.10/dist-packages/custom_interfaces/msg/__init__.py
[0.535s] -- Up-to-date: /home/soethutun/final/install/custom_interfaces/local/lib/python3.10/dist-packages/custom_interfaces/libcustom_interfaces__rosidl_generator_py.so
[0.535s] -- Up-to-date: /home/soethutun/final/install/custom_interfaces/local/lib/python3.10/dist-packages/custom_interfaces/_custom_interfaces_s.ep.rosidl_typesupport_introspection_c.c
[0.535s] -- Up-to-date: /home/soethutun/final/install/custom_interfaces/local/lib/python3.10/dist-packages/custom_interfaces/custom_interfaces_s__rosidl_typesupport_introspection_c.cpython-310-x86_64-linux-gnu.so
[0.535s] -- Up-to-date: /home/soethutun/final/install/custom_interfaces/local/lib/python3.10/dist-packages/custom_interfaces/custom_interfaces_s__rosidl_typesupport_c.cpython-310-x86_64-linux-gnu.so
[0.535s] -- Up-to-date: /home/soethutun/final/install/custom_interfaces/local/lib/python3.10/dist-packages/custom_interfaces/__init__.py
[0.535s] -- Up-to-date: /home/soethutun/final/install/custom_interfaces/local/lib/python3.10/dist-packages/custom_interfaces/_custom_interfaces_s.ep.rosidl_typesupport_c.c
[0.565s] Listing '/home/soethutun/final/install/custom_interfaces/local/lib/python3.10/dist-packages/custom_interfaces'...
[0.565s] Listing '/home/soethutun/final/install/custom_interfaces/local/lib/python3.10/dist-packages/custom_interfaces/msg'...
[0.568s] -- Up-to-date: /home/soethutun/final/install/custom_interfaces/local/lib/python3.10/dist-packages/custom_interfaces/custom_interfaces_s__rosidl_typesupport_fastrtps_c.cpython-310-x86_64-linux-gnu.so
[0.568s] -- Up-to-date: /home/soethutun/final/install/custom_interfaces/local/lib/python3.10/dist-packages/custom_interfaces/custom_interfaces_s__rosidl_typesupport_introspection_c.cpython-310-x86_64-linux-gnu.so
[0.569s] -- Up-to-date: /home/soethutun/final/install/custom_interfaces/local/lib/python3.10/dist-packages/custom_interfaces/custom_interfaces_s__rosidl_typesupport_c.cpython-310-x86_64-linux-gnu.so
[0.569s] -- Up-to-date: /home/soethutun/final/install/custom_interfaces/lib/libcustom_interfaces__rosidl_generator_py.so
[0.569s] -- Up-to-date: /home/soethutun/final/install/custom_interfaces/share/custom_interfaces/msg/ObstacleStatus.idl
[0.569s] -- Up-to-date: /home/soethutun/final/install/custom_interfaces/share/custom_interfaces/msg/ObstacleStatus.msg
[0.569s] -- Up-to-date: /home/soethutun/final/install/custom_interfaces/share/ament_index/resource_index/package_run_dependencies/custom_interfaces
[0.569s] -- Up-to-date: /home/soethutun/final/install/custom_interfaces/share/ament_index/resource_index/parent_prefix_path/custom_interfaces
[0.570s] -- Up-to-date: /home/soethutun/final/install/custom_interfaces/share/custom_interfaces/environment/ament_prefix_path.sh
[0.570s] -- Up-to-date: /home/soethutun/final/install/custom_interfaces/share/custom_interfaces/environment/ament_prefix_path.dsv
[0.570s] -- Up-to-date: /home/soethutun/final/install/custom_interfaces/share/custom_interfaces/environment/path.sh
[0.570s] -- Up-to-date: /home/soethutun/final/install/custom_interfaces/share/custom_interfaces/environment/path.dsv
[0.570s] -- Up-to-date: /home/soethutun/final/install/custom_interfaces/share/custom_interfaces/local_setup.bash
[0.570s] -- Up-to-date: /home/soethutun/final/install/custom_interfaces/share/custom_interfaces/local_setup.sh
[0.570s] -- Up-to-date: /home/soethutun/final/install/custom_interfaces/share/custom_interfaces/local_setup.zsh
[0.570s] -- Up-to-date: /home/soethutun/final/install/custom_interfaces/share/custom_interfaces/local_setup.dsv
[0.570s] -- Installing: /home/soethutun/final/install/custom_interfaces/share/custom_interfaces/package.dsv
[0.570s] -- Up-to-date: /home/soethutun/final/install/custom_interfaces/share/ament_index/resource_index/packages/custom_interfaces
[0.570s] -- Up-to-date: /home/soethutun/final/install/custom_interfaces/share/custom_interfaces/cmake/export_custom_interfaces__rosidl_generator_cExport.cmake
[0.571s] -- Up-to-date: /home/soethutun/final/install/custom_interfaces/share/custom_interfaces/cmake/export_custom_interfaces__rosidl_generator_cExport-noconfig.cmake
[0.571s] -- Up-to-date: /home/soethutun/final/install/custom_interfaces/share/custom_interfaces/cmake/export_custom_interfaces__rosidl_typesupport_fastrtps_cExport.cmake
[0.571s] -- Up-to-date: /home/soethutun/final/install/custom_interfaces/share/custom_interfaces/cmake/export_custom_interfaces__rosidl_typesupport_fastrtps_cExport-noconfig.cmake
[0.571s] -- Up-to-date: /home/soethutun/final/install/custom_interfaces/share/custom_interfaces/cmake/export_custom_interfaces__rosidl_generator_cppExport.cmake
[0.571s] -- Up-to-date: /home/soethutun/final/install/custom_interfaces/share/custom_interfaces/cmake/export_custom_interfaces__rosidl_typesupport_fastrtps_cppExport.cmake
[0.571s] -- Up-to-date: /home/soethutun/final/install/custom_interfaces/share/custom_interfaces/cmake/export_custom_interfaces__rosidl_typesupport_fastrtps_cppExport-noconfig.cmake
[0.571s] -- Up-to-date: /home/soethutun/final/install/custom_interfaces/share/custom_interfaces/cmake/custom_interfaces__rosidl_typesupport_introspection_cExport.cmake
[0.571s] -- Up-to-date: /home/soethutun/final/install/custom_interfaces/share/custom_interfaces/cmake/custom_interfaces__rosidl_typesupport_introspection_cExport-noconfig.cmake
[0.571s] -- Up-to-date: /home/soethutun/final/install/custom_interfaces/share/custom_interfaces/cmake/custom_interfaces__rosidl_typesupport_cExport.cmake
[0.571s] -- Up-to-date: /home/soethutun/final/install/custom_interfaces/share/custom_interfaces/cmake/custom_interfaces__rosidl_typesupport_cExport-noconfig.cmake
[0.571s] -- Up-to-date: /home/soethutun/final/install/custom_interfaces/share/custom_interfaces/cmake/custom_interfaces__rosidl_typesupport_introspection_cppExport.cmake
[0.572s] -- Up-to-date: /home/soethutun/final/install/custom_interfaces/share/custom_interfaces/cmake/custom_interfaces__rosidl_typesupport_introspection_cppExport-noconfig.cmake
[0.572s] -- Up-to-date: /home/soethutun/final/install/custom_interfaces/share/custom_interfaces/cmake/custom_interfaces__rosidl_typesupport_cppExport.cmake
[0.572s] -- Up-to-date: /home/soethutun/final/install/custom_interfaces/share/custom_interfaces/cmake/custom_interfaces__rosidl_typesupport_cppExport-noconfig.cmake
[0.572s] -- Up-to-date: /home/soethutun/final/install/custom_interfaces/share/custom_interfaces/cmake/export_custom_interfaces__rosidl_generator_pyExport.cmake
[0.572s] -- Up-to-date: /home/soethutun/final/install/custom_interfaces/share/custom_interfaces/cmake/export_custom_interfaces__rosidl_generator_pyExport-noconfig.cmake
[0.572s] -- Up-to-date: /home/soethutun/final/install/custom_interfaces/share/custom_interfaces/cmake/rosidl_cmake-extras.cmake
[0.572s] -- Up-to-date: /home/soethutun/final/install/custom_interfaces/share/custom_interfaces/cmake/ament_cmake_export_dependencies-extras.cmake
[0.572s] -- Up-to-date: /home/soethutun/final/install/custom_interfaces/share/custom_interfaces/cmake/ament_cmake_export_include_directories-extras.cmake
[0.572s] -- Up-to-date: /home/soethutun/final/install/custom_interfaces/share/custom_interfaces/cmake/ament_cmake_export_libraries-extras.cmake
[0.572s] -- Up-to-date: /home/soethutun/final/install/custom_interfaces/share/custom_interfaces/cmake/ament_cmake_export_targets-extras.cmake
[0.572s] -- Up-to-date: /home/soethutun/final/install/custom_interfaces/share/custom_interfaces/cmake/rosidl_cmake_export_typesupport_targets-extras.cmake
[0.572s] -- Up-to-date: /home/soethutun/final/install/custom_interfaces/share/custom_interfaces/cmake/rosidl_cmake_export_typesupport_libraries-extras.cmake
[0.572s] -- Up-to-date: /home/soethutun/final/install/custom_interfaces/share/custom_interfaces/cmake/custom_interfacesConfig.cmake
[0.572s] -- Up-to-date: /home/soethutun/final/install/custom_interfaces/share/custom_interfaces/cmake/custom_interfacesConfig-version.cmake
[0.572s] -- Up-to-date: /home/soethutun/final/install/custom_interfaces/share/custom_interfaces/package.xml
[0.577s] Invoked command in '/home/soethutun/final/build/custom_interfaces' returned '0': CMAKE_PREFIX_PATH=${CMAKE_PREFIX_PATH}:/home/soethutun/ros2_ws/install/urdf_lesson:/home/soethutun/ros2_ws/install/my_pkg:/home/soethutun/ros2_ws/install/action_lesson:/home/soethutun/midterm/install/pkg1:/home/soethutun/workspace/install/my_robot_controller:/home/soethutun/workspace/install/exercises:/home/soethutun/turtlebot3_ws/install/turtlebot3_teleop:/home/soethutun/turtlebot3_ws/install/turtlebot3_example:/opt/ros/humble /usr/bin/cmake --install /home/soethutun/final/build/custom_interfaces
