[0.219s] DEBUG:colcon:Command line arguments: ['/usr/bin/colcon', 'build']
[0.219s] DEBUG:colcon:Parsed command line arguments: Namespace(log_base=None, log_level=None, verb_name='build', build_base='build', install_base='install', merge_install=False, symlink_install=False, test_result_base=None, continue_on_error=False, executor='parallel', parallel_workers=4, event_handlers=None, ignore_user_meta=False, metas=['./colcon.meta'], base_paths=['.'], packages_ignore=None, packages_ignore_regex=None, paths=None, packages_up_to=None, packages_up_to_regex=None, packages_above=None, packages_above_and_dependencies=None, packages_above_depth=None, packages_select_by_dep=None, packages_skip_by_dep=None, packages_skip_up_to=None, packages_select_build_failed=False, packages_skip_build_finished=False, packages_select_test_failures=False, packages_skip_test_passed=False, packages_select=None, packages_skip=None, packages_select_regex=None, packages_skip_regex=None, packages_start=None, packages_end=None, allow_overriding=[], cmake_args=None, cmake_target=None, cmake_target_skip_unavailable=False, cmake_clean_cache=False, cmake_clean_first=False, cmake_force_configure=False, ament_cmake_args=None, catkin_cmake_args=None, catkin_skip_building_tests=False, mixin_files=None, mixin=None, verb_parser=<colcon_mixin.mixin.mixin_argument.MixinArgumentDecorator object at 0x72885d5894b0>, verb_extension=<colcon_core.verb.build.BuildVerb object at 0x72885d588fa0>, main=<bound method BuildVerb.main of <colcon_core.verb.build.BuildVerb object at 0x72885d588fa0>>, mixin_verb=('build',))
[0.431s] Level 1:colcon.colcon_core.package_discovery:discover_packages(colcon_meta) check parameters
[0.431s] Level 1:colcon.colcon_core.package_discovery:discover_packages(recursive) check parameters
[0.431s] Level 1:colcon.colcon_core.package_discovery:discover_packages(ignore) check parameters
[0.432s] Level 1:colcon.colcon_core.package_discovery:discover_packages(path) check parameters
[0.432s] Level 1:colcon.colcon_core.package_discovery:discover_packages(colcon_meta) discover
[0.432s] Level 1:colcon.colcon_core.package_discovery:discover_packages(recursive) discover
[0.432s] INFO:colcon.colcon_core.package_discovery:Crawling recursively for packages in '/home/soethutun/final'
[0.432s] Level 1:colcon.colcon_core.package_identification:_identify(.) by extensions ['ignore', 'ignore_ament_install']
[0.432s] Level 1:colcon.colcon_core.package_identification:_identify(.) by extension 'ignore'
[0.432s] Level 1:colcon.colcon_core.package_identification:_identify(.) by extension 'ignore_ament_install'
[0.432s] Level 1:colcon.colcon_core.package_identification:_identify(.) by extensions ['colcon_pkg']
[0.432s] Level 1:colcon.colcon_core.package_identification:_identify(.) by extension 'colcon_pkg'
[0.432s] Level 1:colcon.colcon_core.package_identification:_identify(.) by extensions ['colcon_meta']
[0.432s] Level 1:colcon.colcon_core.package_identification:_identify(.) by extension 'colcon_meta'
[0.432s] Level 1:colcon.colcon_core.package_identification:_identify(.) by extensions ['ros']
[0.432s] Level 1:colcon.colcon_core.package_identification:_identify(.) by extension 'ros'
[0.450s] Level 1:colcon.colcon_core.package_identification:_identify(.) by extensions ['cmake', 'python']
[0.450s] Level 1:colcon.colcon_core.package_identification:_identify(.) by extension 'cmake'
[0.450s] Level 1:colcon.colcon_core.package_identification:_identify(.) by extension 'python'
[0.450s] Level 1:colcon.colcon_core.package_identification:_identify(.) by extensions ['python_setup_py']
[0.450s] Level 1:colcon.colcon_core.package_identification:_identify(.) by extension 'python_setup_py'
[0.450s] Level 1:colcon.colcon_core.package_identification:_identify(build) by extensions ['ignore', 'ignore_ament_install']
[0.450s] Level 1:colcon.colcon_core.package_identification:_identify(build) by extension 'ignore'
[0.450s] Level 1:colcon.colcon_core.package_identification:_identify(build) ignored
[0.450s] Level 1:colcon.colcon_core.package_identification:_identify(install) by extensions ['ignore', 'ignore_ament_install']
[0.450s] Level 1:colcon.colcon_core.package_identification:_identify(install) by extension 'ignore'
[0.450s] Level 1:colcon.colcon_core.package_identification:_identify(install) ignored
[0.450s] Level 1:colcon.colcon_core.package_identification:_identify(log) by extensions ['ignore', 'ignore_ament_install']
[0.450s] Level 1:colcon.colcon_core.package_identification:_identify(log) by extension 'ignore'
[0.450s] Level 1:colcon.colcon_core.package_identification:_identify(log) ignored
[0.450s] Level 1:colcon.colcon_core.package_identification:_identify(src) by extensions ['ignore', 'ignore_ament_install']
[0.451s] Level 1:colcon.colcon_core.package_identification:_identify(src) by extension 'ignore'
[0.451s] Level 1:colcon.colcon_core.package_identification:_identify(src) by extension 'ignore_ament_install'
[0.451s] Level 1:colcon.colcon_core.package_identification:_identify(src) by extensions ['colcon_pkg']
[0.451s] Level 1:colcon.colcon_core.package_identification:_identify(src) by extension 'colcon_pkg'
[0.451s] Level 1:colcon.colcon_core.package_identification:_identify(src) by extensions ['colcon_meta']
[0.451s] Level 1:colcon.colcon_core.package_identification:_identify(src) by extension 'colcon_meta'
[0.451s] Level 1:colcon.colcon_core.package_identification:_identify(src) by extensions ['ros']
[0.451s] Level 1:colcon.colcon_core.package_identification:_identify(src) by extension 'ros'
[0.451s] Level 1:colcon.colcon_core.package_identification:_identify(src) by extensions ['cmake', 'python']
[0.451s] Level 1:colcon.colcon_core.package_identification:_identify(src) by extension 'cmake'
[0.451s] Level 1:colcon.colcon_core.package_identification:_identify(src) by extension 'python'
[0.451s] Level 1:colcon.colcon_core.package_identification:_identify(src) by extensions ['python_setup_py']
[0.451s] Level 1:colcon.colcon_core.package_identification:_identify(src) by extension 'python_setup_py'
[0.451s] Level 1:colcon.colcon_core.package_identification:_identify(src/custom_interfaces) by extensions ['ignore', 'ignore_ament_install']
[0.451s] Level 1:colcon.colcon_core.package_identification:_identify(src/custom_interfaces) by extension 'ignore'
[0.451s] Level 1:colcon.colcon_core.package_identification:_identify(src/custom_interfaces) by extension 'ignore_ament_install'
[0.451s] Level 1:colcon.colcon_core.package_identification:_identify(src/custom_interfaces) by extensions ['colcon_pkg']
[0.451s] Level 1:colcon.colcon_core.package_identification:_identify(src/custom_interfaces) by extension 'colcon_pkg'
[0.451s] Level 1:colcon.colcon_core.package_identification:_identify(src/custom_interfaces) by extensions ['colcon_meta']
[0.451s] Level 1:colcon.colcon_core.package_identification:_identify(src/custom_interfaces) by extension 'colcon_meta'
[0.451s] Level 1:colcon.colcon_core.package_identification:_identify(src/custom_interfaces) by extensions ['ros']
[0.451s] Level 1:colcon.colcon_core.package_identification:_identify(src/custom_interfaces) by extension 'ros'
[0.454s] DEBUG:colcon.colcon_core.package_identification:Package 'src/custom_interfaces' with type 'ros.ament_cmake' and name 'custom_interfaces'
[0.454s] Level 1:colcon.colcon_core.package_identification:_identify(src/patrol_pkg) by extensions ['ignore', 'ignore_ament_install']
[0.454s] Level 1:colcon.colcon_core.package_identification:_identify(src/patrol_pkg) by extension 'ignore'
[0.454s] Level 1:colcon.colcon_core.package_identification:_identify(src/patrol_pkg) by extension 'ignore_ament_install'
[0.454s] Level 1:colcon.colcon_core.package_identification:_identify(src/patrol_pkg) by extensions ['colcon_pkg']
[0.454s] Level 1:colcon.colcon_core.package_identification:_identify(src/patrol_pkg) by extension 'colcon_pkg'
[0.454s] Level 1:colcon.colcon_core.package_identification:_identify(src/patrol_pkg) by extensions ['colcon_meta']
[0.454s] Level 1:colcon.colcon_core.package_identification:_identify(src/patrol_pkg) by extension 'colcon_meta'
[0.454s] Level 1:colcon.colcon_core.package_identification:_identify(src/patrol_pkg) by extensions ['ros']
[0.454s] Level 1:colcon.colcon_core.package_identification:_identify(src/patrol_pkg) by extension 'ros'
[0.455s] DEBUG:colcon.colcon_core.package_identification:Package 'src/patrol_pkg' with type 'ros.ament_python' and name 'patrol_pkg'
[0.455s] Level 1:colcon.colcon_core.package_discovery:discover_packages(recursive) using defaults
[0.455s] Level 1:colcon.colcon_core.package_discovery:discover_packages(ignore) discover
[0.455s] Level 1:colcon.colcon_core.package_discovery:discover_packages(ignore) using defaults
[0.455s] Level 1:colcon.colcon_core.package_discovery:discover_packages(path) discover
[0.455s] Level 1:colcon.colcon_core.package_discovery:discover_packages(path) using defaults
[0.476s] Level 1:colcon.colcon_core.package_discovery:discover_packages(prefix_path) check parameters
[0.476s] Level 1:colcon.colcon_core.package_discovery:discover_packages(prefix_path) discover
[0.480s] DEBUG:colcon.colcon_installed_package_information.package_discovery:Found 4 installed packages in /home/soethutun/ros2_ws/install
[0.480s] DEBUG:colcon.colcon_installed_package_information.package_discovery:Found 2 installed packages in /home/soethutun/ros2_ws2/install
[0.480s] DEBUG:colcon.colcon_installed_package_information.package_discovery:Found 2 installed packages in /home/soethutun/midterm/install
[0.481s] DEBUG:colcon.colcon_installed_package_information.package_discovery:Found 16 installed packages in /home/soethutun/turtlebot3_ws/install
[0.481s] DEBUG:colcon.colcon_installed_package_information.package_discovery:Found 2 installed packages in /home/soethutun/workspace/install
[0.482s] DEBUG:colcon.colcon_installed_package_information.package_discovery:Found 372 installed packages in /opt/ros/humble
[0.484s] Level 1:colcon.colcon_core.package_discovery:discover_packages(prefix_path) using defaults
[0.537s] Level 5:colcon.colcon_core.verb:set package 'custom_interfaces' build argument 'cmake_args' from command line to 'None'
[0.537s] Level 5:colcon.colcon_core.verb:set package 'custom_interfaces' build argument 'cmake_target' from command line to 'None'
[0.537s] Level 5:colcon.colcon_core.verb:set package 'custom_interfaces' build argument 'cmake_target_skip_unavailable' from command line to 'False'
[0.537s] Level 5:colcon.colcon_core.verb:set package 'custom_interfaces' build argument 'cmake_clean_cache' from command line to 'False'
[0.537s] Level 5:colcon.colcon_core.verb:set package 'custom_interfaces' build argument 'cmake_clean_first' from command line to 'False'
[0.537s] Level 5:colcon.colcon_core.verb:set package 'custom_interfaces' build argument 'cmake_force_configure' from command line to 'False'
[0.537s] Level 5:colcon.colcon_core.verb:set package 'custom_interfaces' build argument 'ament_cmake_args' from command line to 'None'
[0.537s] Level 5:colcon.colcon_core.verb:set package 'custom_interfaces' build argument 'catkin_cmake_args' from command line to 'None'
[0.537s] Level 5:colcon.colcon_core.verb:set package 'custom_interfaces' build argument 'catkin_skip_building_tests' from command line to 'False'
[0.537s] DEBUG:colcon.colcon_core.verb:Building package 'custom_interfaces' with the following arguments: {'ament_cmake_args': None, 'build_base': '/home/soethutun/final/build/custom_interfaces', 'catkin_cmake_args': None, 'catkin_skip_building_tests': False, 'cmake_args': None, 'cmake_clean_cache': False, 'cmake_clean_first': False, 'cmake_force_configure': False, 'cmake_target': None, 'cmake_target_skip_unavailable': False, 'install_base': '/home/soethutun/final/install/custom_interfaces', 'merge_install': False, 'path': '/home/soethutun/final/src/custom_interfaces', 'symlink_install': False, 'test_result_base': None}
[0.537s] Level 5:colcon.colcon_core.verb:set package 'patrol_pkg' build argument 'cmake_args' from command line to 'None'
[0.537s] Level 5:colcon.colcon_core.verb:set package 'patrol_pkg' build argument 'cmake_target' from command line to 'None'
[0.537s] Level 5:colcon.colcon_core.verb:set package 'patrol_pkg' build argument 'cmake_target_skip_unavailable' from command line to 'False'
[0.537s] Level 5:colcon.colcon_core.verb:set package 'patrol_pkg' build argument 'cmake_clean_cache' from command line to 'False'
[0.537s] Level 5:colcon.colcon_core.verb:set package 'patrol_pkg' build argument 'cmake_clean_first' from command line to 'False'
[0.537s] Level 5:colcon.colcon_core.verb:set package 'patrol_pkg' build argument 'cmake_force_configure' from command line to 'False'
[0.537s] Level 5:colcon.colcon_core.verb:set package 'patrol_pkg' build argument 'ament_cmake_args' from command line to 'None'
[0.537s] Level 5:colcon.colcon_core.verb:set package 'patrol_pkg' build argument 'catkin_cmake_args' from command line to 'None'
[0.537s] Level 5:colcon.colcon_core.verb:set package 'patrol_pkg' build argument 'catkin_skip_building_tests' from command line to 'False'
[0.537s] DEBUG:colcon.colcon_core.verb:Building package 'patrol_pkg' with the following arguments: {'ament_cmake_args': None, 'build_base': '/home/soethutun/final/build/patrol_pkg', 'catkin_cmake_args': None, 'catkin_skip_building_tests': False, 'cmake_args': None, 'cmake_clean_cache': False, 'cmake_clean_first': False, 'cmake_force_configure': False, 'cmake_target': None, 'cmake_target_skip_unavailable': False, 'install_base': '/home/soethutun/final/install/patrol_pkg', 'merge_install': False, 'path': '/home/soethutun/final/src/patrol_pkg', 'symlink_install': False, 'test_result_base': None}
[0.537s] INFO:colcon.colcon_core.executor:Executing jobs using 'parallel' executor
[0.538s] DEBUG:colcon.colcon_parallel_executor.executor.parallel:run_until_complete
[0.538s] INFO:colcon.colcon_ros.task.ament_cmake.build:Building ROS package in '/home/soethutun/final/src/custom_interfaces' with build type 'ament_cmake'
[0.538s] INFO:colcon.colcon_cmake.task.cmake.build:Building CMake package in '/home/soethutun/final/src/custom_interfaces'
[0.543s] INFO:colcon.colcon_core.plugin_system:Skipping extension 'colcon_core.shell.bat': Not used on non-Windows systems
[0.543s] INFO:colcon.colcon_core.shell:Skip shell extension 'powershell' for command environment: Not usable outside of PowerShell
[0.543s] DEBUG:colcon.colcon_core.shell:Skip shell extension 'dsv' for command environment
[0.547s] INFO:colcon.colcon_ros.task.ament_python.build:Building ROS package in '/home/soethutun/final/src/patrol_pkg' with build type 'ament_python'
[0.547s] Level 1:colcon.colcon_core.shell:create_environment_hook('patrol_pkg', 'ament_prefix_path')
[0.547s] INFO:colcon.colcon_core.shell:Creating environment hook '/home/soethutun/final/install/patrol_pkg/share/patrol_pkg/hook/ament_prefix_path.ps1'
[0.549s] INFO:colcon.colcon_core.shell:Creating environment descriptor '/home/soethutun/final/install/patrol_pkg/share/patrol_pkg/hook/ament_prefix_path.dsv'
[0.550s] INFO:colcon.colcon_core.shell:Creating environment hook '/home/soethutun/final/install/patrol_pkg/share/patrol_pkg/hook/ament_prefix_path.sh'
[0.551s] INFO:colcon.colcon_core.shell:Skip shell extension 'powershell' for command environment: Not usable outside of PowerShell
[0.551s] DEBUG:colcon.colcon_core.shell:Skip shell extension 'dsv' for command environment
[0.559s] DEBUG:colcon.colcon_core.event_handler.log_command:Invoking command in '/home/soethutun/final/build/custom_interfaces': CMAKE_PREFIX_PATH=${CMAKE_PREFIX_PATH}:/home/soethutun/ros2_ws/install/urdf_lesson:/home/soethutun/ros2_ws/install/my_pkg:/home/soethutun/ros2_ws/install/action_lesson:/home/soethutun/midterm/install/pkg1:/home/soethutun/workspace/install/my_robot_controller:/home/soethutun/workspace/install/exercises:/home/soethutun/turtlebot3_ws/install/turtlebot3_teleop:/home/soethutun/turtlebot3_ws/install/turtlebot3_example:/opt/ros/humble /usr/bin/cmake --build /home/soethutun/final/build/custom_interfaces -- -j4 -l4
[0.825s] INFO:colcon.colcon_core.task.python.build:Building Python package in '/home/soethutun/final/src/patrol_pkg'
[0.826s] INFO:colcon.colcon_core.shell:Skip shell extension 'powershell' for command environment: Not usable outside of PowerShell
[0.826s] DEBUG:colcon.colcon_core.shell:Skip shell extension 'dsv' for command environment
[0.971s] DEBUG:colcon.colcon_core.event_handler.log_command:Invoked command in '/home/soethutun/final/build/custom_interfaces' returned '0': CMAKE_PREFIX_PATH=${CMAKE_PREFIX_PATH}:/home/soethutun/ros2_ws/install/urdf_lesson:/home/soethutun/ros2_ws/install/my_pkg:/home/soethutun/ros2_ws/install/action_lesson:/home/soethutun/midterm/install/pkg1:/home/soethutun/workspace/install/my_robot_controller:/home/soethutun/workspace/install/exercises:/home/soethutun/turtlebot3_ws/install/turtlebot3_teleop:/home/soethutun/turtlebot3_ws/install/turtlebot3_example:/opt/ros/humble /usr/bin/cmake --build /home/soethutun/final/build/custom_interfaces -- -j4 -l4
[0.980s] DEBUG:colcon.colcon_core.event_handler.log_command:Invoking command in '/home/soethutun/final/build/custom_interfaces': CMAKE_PREFIX_PATH=${CMAKE_PREFIX_PATH}:/home/soethutun/ros2_ws/install/urdf_lesson:/home/soethutun/ros2_ws/install/my_pkg:/home/soethutun/ros2_ws/install/action_lesson:/home/soethutun/midterm/install/pkg1:/home/soethutun/workspace/install/my_robot_controller:/home/soethutun/workspace/install/exercises:/home/soethutun/turtlebot3_ws/install/turtlebot3_teleop:/home/soethutun/turtlebot3_ws/install/turtlebot3_example:/opt/ros/humble /usr/bin/cmake --install /home/soethutun/final/build/custom_interfaces
[1.032s] Level 1:colcon.colcon_core.environment:create_environment_scripts_only(custom_interfaces)
[1.032s] DEBUG:colcon.colcon_core.event_handler.log_command:Invoked command in '/home/soethutun/final/build/custom_interfaces' returned '0': CMAKE_PREFIX_PATH=${CMAKE_PREFIX_PATH}:/home/soethutun/ros2_ws/install/urdf_lesson:/home/soethutun/ros2_ws/install/my_pkg:/home/soethutun/ros2_ws/install/action_lesson:/home/soethutun/midterm/install/pkg1:/home/soethutun/workspace/install/my_robot_controller:/home/soethutun/workspace/install/exercises:/home/soethutun/turtlebot3_ws/install/turtlebot3_teleop:/home/soethutun/turtlebot3_ws/install/turtlebot3_example:/opt/ros/humble /usr/bin/cmake --install /home/soethutun/final/build/custom_interfaces
[1.038s] Level 1:colcon.colcon_core.environment:checking '/home/soethutun/final/install/custom_interfaces' for CMake module files
[1.039s] Level 1:colcon.colcon_core.environment:checking '/home/soethutun/final/install/custom_interfaces' for CMake config files
[1.040s] Level 1:colcon.colcon_core.shell:create_environment_hook('custom_interfaces', 'cmake_prefix_path')
[1.040s] INFO:colcon.colcon_core.shell:Creating environment hook '/home/soethutun/final/install/custom_interfaces/share/custom_interfaces/hook/cmake_prefix_path.ps1'
[1.041s] INFO:colcon.colcon_core.shell:Creating environment descriptor '/home/soethutun/final/install/custom_interfaces/share/custom_interfaces/hook/cmake_prefix_path.dsv'
[1.041s] INFO:colcon.colcon_core.shell:Creating environment hook '/home/soethutun/final/install/custom_interfaces/share/custom_interfaces/hook/cmake_prefix_path.sh'
[1.041s] Level 1:colcon.colcon_core.environment:checking '/home/soethutun/final/install/custom_interfaces/lib'
[1.042s] Level 1:colcon.colcon_core.shell:create_environment_hook('custom_interfaces', 'ld_library_path_lib')
[1.042s] INFO:colcon.colcon_core.shell:Creating environment hook '/home/soethutun/final/install/custom_interfaces/share/custom_interfaces/hook/ld_library_path_lib.ps1'
[1.042s] INFO:colcon.colcon_core.shell:Creating environment descriptor '/home/soethutun/final/install/custom_interfaces/share/custom_interfaces/hook/ld_library_path_lib.dsv'
[1.042s] INFO:colcon.colcon_core.shell:Creating environment hook '/home/soethutun/final/install/custom_interfaces/share/custom_interfaces/hook/ld_library_path_lib.sh'
[1.042s] Level 1:colcon.colcon_core.environment:checking '/home/soethutun/final/install/custom_interfaces/bin'
[1.042s] Level 1:colcon.colcon_core.environment:checking '/home/soethutun/final/install/custom_interfaces/lib/pkgconfig/custom_interfaces.pc'
[1.043s] Level 1:colcon.colcon_core.environment:checking '/home/soethutun/final/install/custom_interfaces/lib/python3.10/site-packages'
[1.043s] Level 1:colcon.colcon_core.environment:checking '/home/soethutun/final/install/custom_interfaces/bin'
[1.043s] INFO:colcon.colcon_core.shell:Creating package script '/home/soethutun/final/install/custom_interfaces/share/custom_interfaces/package.ps1'
[1.044s] INFO:colcon.colcon_core.shell:Creating package descriptor '/home/soethutun/final/install/custom_interfaces/share/custom_interfaces/package.dsv'
[1.045s] INFO:colcon.colcon_core.shell:Creating package script '/home/soethutun/final/install/custom_interfaces/share/custom_interfaces/package.sh'
[1.046s] INFO:colcon.colcon_core.shell:Creating package script '/home/soethutun/final/install/custom_interfaces/share/custom_interfaces/package.bash'
[1.047s] INFO:colcon.colcon_core.shell:Creating package script '/home/soethutun/final/install/custom_interfaces/share/custom_interfaces/package.zsh'
[1.048s] Level 1:colcon.colcon_core.environment:create_file_with_runtime_dependencies(/home/soethutun/final/install/custom_interfaces/share/colcon-core/packages/custom_interfaces)
[1.049s] Level 1:colcon.colcon_core.environment:create_environment_scripts_only(custom_interfaces)
[1.049s] Level 1:colcon.colcon_core.environment:checking '/home/soethutun/final/install/custom_interfaces' for CMake module files
[1.049s] Level 1:colcon.colcon_core.environment:checking '/home/soethutun/final/install/custom_interfaces' for CMake config files
[1.049s] Level 1:colcon.colcon_core.shell:create_environment_hook('custom_interfaces', 'cmake_prefix_path')
[1.049s] INFO:colcon.colcon_core.shell:Creating environment hook '/home/soethutun/final/install/custom_interfaces/share/custom_interfaces/hook/cmake_prefix_path.ps1'
[1.050s] INFO:colcon.colcon_core.shell:Creating environment descriptor '/home/soethutun/final/install/custom_interfaces/share/custom_interfaces/hook/cmake_prefix_path.dsv'
[1.050s] INFO:colcon.colcon_core.shell:Creating environment hook '/home/soethutun/final/install/custom_interfaces/share/custom_interfaces/hook/cmake_prefix_path.sh'
[1.050s] Level 1:colcon.colcon_core.environment:checking '/home/soethutun/final/install/custom_interfaces/lib'
[1.050s] Level 1:colcon.colcon_core.shell:create_environment_hook('custom_interfaces', 'ld_library_path_lib')
[1.050s] INFO:colcon.colcon_core.shell:Creating environment hook '/home/soethutun/final/install/custom_interfaces/share/custom_interfaces/hook/ld_library_path_lib.ps1'
[1.051s] INFO:colcon.colcon_core.shell:Creating environment descriptor '/home/soethutun/final/install/custom_interfaces/share/custom_interfaces/hook/ld_library_path_lib.dsv'
[1.051s] INFO:colcon.colcon_core.shell:Creating environment hook '/home/soethutun/final/install/custom_interfaces/share/custom_interfaces/hook/ld_library_path_lib.sh'
[1.051s] Level 1:colcon.colcon_core.environment:checking '/home/soethutun/final/install/custom_interfaces/bin'
[1.051s] Level 1:colcon.colcon_core.environment:checking '/home/soethutun/final/install/custom_interfaces/lib/pkgconfig/custom_interfaces.pc'
[1.051s] Level 1:colcon.colcon_core.environment:checking '/home/soethutun/final/install/custom_interfaces/lib/python3.10/site-packages'
[1.051s] Level 1:colcon.colcon_core.environment:checking '/home/soethutun/final/install/custom_interfaces/bin'
[1.052s] INFO:colcon.colcon_core.shell:Creating package script '/home/soethutun/final/install/custom_interfaces/share/custom_interfaces/package.ps1'
[1.052s] INFO:colcon.colcon_core.shell:Creating package descriptor '/home/soethutun/final/install/custom_interfaces/share/custom_interfaces/package.dsv'
[1.052s] INFO:colcon.colcon_core.shell:Creating package script '/home/soethutun/final/install/custom_interfaces/share/custom_interfaces/package.sh'
[1.053s] INFO:colcon.colcon_core.shell:Creating package script '/home/soethutun/final/install/custom_interfaces/share/custom_interfaces/package.bash'
[1.053s] INFO:colcon.colcon_core.shell:Creating package script '/home/soethutun/final/install/custom_interfaces/share/custom_interfaces/package.zsh'
[1.053s] Level 1:colcon.colcon_core.environment:create_file_with_runtime_dependencies(/home/soethutun/final/install/custom_interfaces/share/colcon-core/packages/custom_interfaces)
[1.227s] DEBUG:colcon.colcon_core.event_handler.log_command:Invoking command in '/home/soethutun/final/src/patrol_pkg': PYTHONPATH=/home/soethutun/final/build/patrol_pkg/prefix_override:/usr/lib/python3/dist-packages/colcon_core/task/python/colcon_distutils_commands:/home/soethutun/final/install/patrol_pkg/lib/python3.10/site-packages:${PYTHONPATH} /usr/bin/python3 -W ignore:setup.py install is deprecated -W ignore:easy_install command is deprecated setup.py egg_info --egg-base ../../build/patrol_pkg build --build-base /home/soethutun/final/build/patrol_pkg/build install --record /home/soethutun/final/build/patrol_pkg/install.log --single-version-externally-managed install_data
[1.454s] Level 1:colcon.colcon_core.environment:checking '/home/soethutun/final/install/patrol_pkg' for CMake module files
[1.454s] DEBUG:colcon.colcon_core.event_handler.log_command:Invoked command in '/home/soethutun/final/src/patrol_pkg' returned '0': PYTHONPATH=/home/soethutun/final/build/patrol_pkg/prefix_override:/usr/lib/python3/dist-packages/colcon_core/task/python/colcon_distutils_commands:/home/soethutun/final/install/patrol_pkg/lib/python3.10/site-packages:${PYTHONPATH} /usr/bin/python3 -W ignore:setup.py install is deprecated -W ignore:easy_install command is deprecated setup.py egg_info --egg-base ../../build/patrol_pkg build --build-base /home/soethutun/final/build/patrol_pkg/build install --record /home/soethutun/final/build/patrol_pkg/install.log --single-version-externally-managed install_data
[1.454s] Level 1:colcon.colcon_core.environment:checking '/home/soethutun/final/install/patrol_pkg' for CMake config files
[1.455s] Level 1:colcon.colcon_core.environment:checking '/home/soethutun/final/install/patrol_pkg/lib'
[1.455s] Level 1:colcon.colcon_core.environment:checking '/home/soethutun/final/install/patrol_pkg/bin'
[1.455s] Level 1:colcon.colcon_core.environment:checking '/home/soethutun/final/install/patrol_pkg/lib/pkgconfig/patrol_pkg.pc'
[1.455s] Level 1:colcon.colcon_core.environment:checking '/home/soethutun/final/install/patrol_pkg/lib/python3.10/site-packages'
[1.455s] Level 1:colcon.colcon_core.shell:create_environment_hook('patrol_pkg', 'pythonpath')
[1.456s] INFO:colcon.colcon_core.shell:Creating environment hook '/home/soethutun/final/install/patrol_pkg/share/patrol_pkg/hook/pythonpath.ps1'
[1.456s] INFO:colcon.colcon_core.shell:Creating environment descriptor '/home/soethutun/final/install/patrol_pkg/share/patrol_pkg/hook/pythonpath.dsv'
[1.456s] INFO:colcon.colcon_core.shell:Creating environment hook '/home/soethutun/final/install/patrol_pkg/share/patrol_pkg/hook/pythonpath.sh'
[1.457s] Level 1:colcon.colcon_core.environment:checking '/home/soethutun/final/install/patrol_pkg/bin'
[1.457s] Level 1:colcon.colcon_core.environment:create_environment_scripts_only(patrol_pkg)
[1.457s] INFO:colcon.colcon_core.shell:Creating package script '/home/soethutun/final/install/patrol_pkg/share/patrol_pkg/package.ps1'
[1.457s] INFO:colcon.colcon_core.shell:Creating package descriptor '/home/soethutun/final/install/patrol_pkg/share/patrol_pkg/package.dsv'
[1.457s] INFO:colcon.colcon_core.shell:Creating package script '/home/soethutun/final/install/patrol_pkg/share/patrol_pkg/package.sh'
[1.458s] INFO:colcon.colcon_core.shell:Creating package script '/home/soethutun/final/install/patrol_pkg/share/patrol_pkg/package.bash'
[1.458s] INFO:colcon.colcon_core.shell:Creating package script '/home/soethutun/final/install/patrol_pkg/share/patrol_pkg/package.zsh'
[1.458s] Level 1:colcon.colcon_core.environment:create_file_with_runtime_dependencies(/home/soethutun/final/install/patrol_pkg/share/colcon-core/packages/patrol_pkg)
[1.458s] DEBUG:colcon.colcon_parallel_executor.executor.parallel:closing loop
[1.458s] DEBUG:colcon.colcon_parallel_executor.executor.parallel:loop closed
[1.458s] DEBUG:colcon.colcon_parallel_executor.executor.parallel:run_until_complete finished with '0'
[1.458s] DEBUG:colcon.colcon_core.event_reactor:joining thread
[1.463s] INFO:colcon.colcon_core.plugin_system:Skipping extension 'colcon_notification.desktop_notification.terminal_notifier': Not used on non-Darwin systems
[1.463s] INFO:colcon.colcon_core.plugin_system:Skipping extension 'colcon_notification.desktop_notification.win32': Not used on non-Windows systems
[1.463s] INFO:colcon.colcon_notification.desktop_notification:Sending desktop notification using 'notify2'
[1.472s] DEBUG:colcon.colcon_core.event_reactor:joined thread
[1.472s] INFO:colcon.colcon_core.shell:Creating prefix script '/home/soethutun/final/install/local_setup.ps1'
[1.473s] INFO:colcon.colcon_core.shell:Creating prefix util module '/home/soethutun/final/install/_local_setup_util_ps1.py'
[1.475s] INFO:colcon.colcon_core.shell:Creating prefix chain script '/home/soethutun/final/install/setup.ps1'
[1.476s] INFO:colcon.colcon_core.shell:Creating prefix script '/home/soethutun/final/install/local_setup.sh'
[1.477s] INFO:colcon.colcon_core.shell:Creating prefix util module '/home/soethutun/final/install/_local_setup_util_sh.py'
[1.477s] INFO:colcon.colcon_core.shell:Creating prefix chain script '/home/soethutun/final/install/setup.sh'
[1.479s] INFO:colcon.colcon_core.shell:Creating prefix script '/home/soethutun/final/install/local_setup.bash'
[1.479s] INFO:colcon.colcon_core.shell:Creating prefix chain script '/home/soethutun/final/install/setup.bash'
[1.481s] INFO:colcon.colcon_core.shell:Creating prefix script '/home/soethutun/final/install/local_setup.zsh'
[1.482s] INFO:colcon.colcon_core.shell:Creating prefix chain script '/home/soethutun/final/install/setup.zsh'
