[0.758s] Invoking command in '/home/soethutun/final/src/patrol_pkg': PYTHONPATH=/home/soethutun/final/build/patrol_pkg/prefix_override:/usr/lib/python3/dist-packages/colcon_core/task/python/colcon_distutils_commands:/home/soethutun/final/install/patrol_pkg/lib/python3.10/site-packages:${PYTHONPATH} /usr/bin/python3 -W ignore:setup.py install is deprecated -W ignore:easy_install command is deprecated setup.py egg_info --egg-base ../../build/patrol_pkg build --build-base /home/soethutun/final/build/patrol_pkg/build install --record /home/soethutun/final/build/patrol_pkg/install.log --single-version-externally-managed install_data
[0.971s] running egg_info
[0.971s] writing ../../build/patrol_pkg/patrol_pkg.egg-info/PKG-INFO
[0.972s] writing dependency_links to ../../build/patrol_pkg/patrol_pkg.egg-info/dependency_links.txt
[0.972s] writing entry points to ../../build/patrol_pkg/patrol_pkg.egg-info/entry_points.txt
[0.972s] writing requirements to ../../build/patrol_pkg/patrol_pkg.egg-info/requires.txt
[0.972s] writing top-level names to ../../build/patrol_pkg/patrol_pkg.egg-info/top_level.txt
[0.973s] reading manifest file '../../build/patrol_pkg/patrol_pkg.egg-info/SOURCES.txt'
[0.974s] adding license file 'LICENSE'
[0.974s] writing manifest file '../../build/patrol_pkg/patrol_pkg.egg-info/SOURCES.txt'
[0.974s] running build
[0.974s] running build_py
[0.974s] copying patrol_pkg/sensor_node.py -> /home/soethutun/final/build/patrol_pkg/build/lib/patrol_pkg
[0.974s] copying patrol_pkg/monitor_node.py -> /home/soethutun/final/build/patrol_pkg/build/lib/patrol_pkg
[0.975s] copying patrol_pkg/controller_node.py -> /home/soethutun/final/build/patrol_pkg/build/lib/patrol_pkg
[0.975s] running install
[0.975s] running install_lib
[0.976s] copying /home/soethutun/final/build/patrol_pkg/build/lib/patrol_pkg/sensor_node.py -> /home/soethutun/final/install/patrol_pkg/lib/python3.10/site-packages/patrol_pkg
[0.976s] copying /home/soethutun/final/build/patrol_pkg/build/lib/patrol_pkg/monitor_node.py -> /home/soethutun/final/install/patrol_pkg/lib/python3.10/site-packages/patrol_pkg
[0.976s] copying /home/soethutun/final/build/patrol_pkg/build/lib/patrol_pkg/controller_node.py -> /home/soethutun/final/install/patrol_pkg/lib/python3.10/site-packages/patrol_pkg
[0.977s] byte-compiling /home/soethutun/final/install/patrol_pkg/lib/python3.10/site-packages/patrol_pkg/sensor_node.py to sensor_node.cpython-310.pyc
[0.978s] byte-compiling /home/soethutun/final/install/patrol_pkg/lib/python3.10/site-packages/patrol_pkg/monitor_node.py to monitor_node.cpython-310.pyc
[0.978s] byte-compiling /home/soethutun/final/install/patrol_pkg/lib/python3.10/site-packages/patrol_pkg/controller_node.py to controller_node.cpython-310.pyc
[0.979s] running install_data
[0.979s] running install_egg_info
[0.980s] removing '/home/soethutun/final/install/patrol_pkg/lib/python3.10/site-packages/patrol_pkg-0.0.0-py3.10.egg-info' (and everything under it)
[0.981s] Copying ../../build/patrol_pkg/patrol_pkg.egg-info to /home/soethutun/final/install/patrol_pkg/lib/python3.10/site-packages/patrol_pkg-0.0.0-py3.10.egg-info
[0.981s] running install_scripts
[0.999s] Installing controller_node script to /home/soethutun/final/install/patrol_pkg/lib/patrol_pkg
[1.000s] Installing monitor_node script to /home/soethutun/final/install/patrol_pkg/lib/patrol_pkg
[1.000s] Installing my_node script to /home/soethutun/final/install/patrol_pkg/lib/patrol_pkg
[1.000s] Installing sensor_node script to /home/soethutun/final/install/patrol_pkg/lib/patrol_pkg
[1.000s] writing list of installed files to '/home/soethutun/final/build/patrol_pkg/install.log'
[1.029s] Invoked command in '/home/soethutun/final/src/patrol_pkg' returned '0': PYTHONPATH=/home/soethutun/final/build/patrol_pkg/prefix_override:/usr/lib/python3/dist-packages/colcon_core/task/python/colcon_distutils_commands:/home/soethutun/final/install/patrol_pkg/lib/python3.10/site-packages:${PYTHONPATH} /usr/bin/python3 -W ignore:setup.py install is deprecated -W ignore:easy_install command is deprecated setup.py egg_info --egg-base ../../build/patrol_pkg build --build-base /home/soethutun/final/build/patrol_pkg/build install --record /home/soethutun/final/build/patrol_pkg/install.log --single-version-externally-managed install_data
