[0.015s] Invoking command in '/home/soethutun/final/build/custom_interfaces': CMAKE_PREFIX_PATH=${CMAKE_PREFIX_PATH}:/home/soethutun/final/install/patrol_pkg:/home/soethutun/ros2_ws/install/urdf_lesson:/home/soethutun/ros2_ws/install/my_pkg:/home/soethutun/ros2_ws/install/action_lesson:/home/soethutun/midterm/install/pkg1:/home/soethutun/workspace/install/my_robot_controller:/home/soethutun/workspace/install/exercises:/home/soethutun/turtlebot3_ws/install/turtlebot3_teleop:/home/soethutun/turtlebot3_ws/install/turtlebot3_example:/opt/ros/humble /usr/bin/cmake /home/soethutun/final/src/custom_interfaces -DCMAKE_INSTALL_PREFIX=/home/soethutun/final/install/custom_interfaces
[0.128s] -- The C compiler identification is GNU 11.4.0
[0.208s] -- The CXX compiler identification is GNU 11.4.0
[0.217s] -- Detecting C compiler ABI info
[0.283s] -- Detecting C compiler ABI info - done
[0.289s] -- Check for working C compiler: /usr/bin/cc - skipped
[0.289s] -- Detecting C compile features
[0.290s] -- Detecting C compile features - done
[0.293s] -- Detecting CXX compiler ABI info
[0.369s] -- Detecting CXX compiler ABI info - done
[0.373s] -- Check for working CXX compiler: /usr/bin/c++ - skipped
[0.373s] -- Detecting CXX compile features
[0.374s] -- Detecting CXX compile features - done
[0.396s] -- Found ament_cmake: 1.3.13 (/opt/ros/humble/share/ament_cmake/cmake)
[0.561s] -- Found Python3: /usr/bin/python3 (found version "3.10.12") found components: Interpreter 
[0.679s] -- Found sensor_msgs: 4.9.1 (/opt/ros/humble/share/sensor_msgs/cmake)
[0.749s] -- Found rosidl_generator_c: 3.1.8 (/opt/ros/humble/share/rosidl_generator_c/cmake)
[0.761s] -- Found rosidl_adapter: 3.1.8 (/opt/ros/humble/share/rosidl_adapter/cmake)
[0.777s] -- Found rosidl_generator_cpp: 3.1.8 (/opt/ros/humble/share/rosidl_generator_cpp/cmake)
[0.808s] -- Using all available rosidl_typesupport_c: rosidl_typesupport_fastrtps_c;rosidl_typesupport_introspection_c
[0.835s] -- Using all available rosidl_typesupport_cpp: rosidl_typesupport_fastrtps_cpp;rosidl_typesupport_introspection_cpp
[0.928s] -- Found rosidl_default_generators: 1.2.0 (/opt/ros/humble/share/rosidl_default_generators/cmake)
[1.188s] -- Found ament_cmake_ros: 0.10.0 (/opt/ros/humble/share/ament_cmake_ros/cmake)
[1.501s] -- Using all available rosidl_typesupport_c: rosidl_typesupport_fastrtps_c;rosidl_typesupport_introspection_c
[1.624s] -- Using all available rosidl_typesupport_cpp: rosidl_typesupport_fastrtps_cpp;rosidl_typesupport_introspection_cpp
[1.645s] -- Found PythonInterp: /usr/bin/python3 (found suitable version "3.10.12", minimum required is "3.6") 
[1.648s] -- Found python_cmake_module: 0.10.0 (/opt/ros/humble/share/python_cmake_module/cmake)
[1.676s] -- Found PythonLibs: /usr/lib/x86_64-linux-gnu/libpython3.10.so (found suitable version "3.10.12", minimum required is "3.5") 
[1.676s] -- Using PYTHON_EXECUTABLE: /usr/bin/python3
[1.676s] -- Using PYTHON_INCLUDE_DIRS: /usr/include/python3.10
[1.676s] -- Using PYTHON_LIBRARIES: /usr/lib/x86_64-linux-gnu/libpython3.10.so
[1.696s] -- Found PythonExtra: .so  
[1.750s] -- Found ament_lint_auto: 0.12.15 (/opt/ros/humble/share/ament_lint_auto/cmake)
[1.778s] -- Added test 'lint_cmake' to check CMake code style
[1.779s] -- Added test 'xmllint' to check XML markup files
[1.782s] -- Configuring done
[1.802s] -- Generating done
[1.810s] -- Build files have been written to: /home/soethutun/final/build/custom_interfaces
[1.819s] Invoked command in '/home/soethutun/final/build/custom_interfaces' returned '0': CMAKE_PREFIX_PATH=${CMAKE_PREFIX_PATH}:/home/soethutun/final/install/patrol_pkg:/home/soethutun/ros2_ws/install/urdf_lesson:/home/soethutun/ros2_ws/install/my_pkg:/home/soethutun/ros2_ws/install/action_lesson:/home/soethutun/midterm/install/pkg1:/home/soethutun/workspace/install/my_robot_controller:/home/soethutun/workspace/install/exercises:/home/soethutun/turtlebot3_ws/install/turtlebot3_teleop:/home/soethutun/turtlebot3_ws/install/turtlebot3_example:/opt/ros/humble /usr/bin/cmake /home/soethutun/final/src/custom_interfaces -DCMAKE_INSTALL_PREFIX=/home/soethutun/final/install/custom_interfaces
[1.820s] Invoking command in '/home/soethutun/final/build/custom_interfaces': CMAKE_PREFIX_PATH=${CMAKE_PREFIX_PATH}:/home/soethutun/final/install/patrol_pkg:/home/soethutun/ros2_ws/install/urdf_lesson:/home/soethutun/ros2_ws/install/my_pkg:/home/soethutun/ros2_ws/install/action_lesson:/home/soethutun/midterm/install/pkg1:/home/soethutun/workspace/install/my_robot_controller:/home/soethutun/workspace/install/exercises:/home/soethutun/turtlebot3_ws/install/turtlebot3_teleop:/home/soethutun/turtlebot3_ws/install/turtlebot3_example:/opt/ros/humble /usr/bin/cmake --build /home/soethutun/final/build/custom_interfaces -- -j4 -l4
[1.855s] [  3%] [34m[1mGenerating C code for ROS interfaces[0m
[1.867s] [  6%] [34m[1mGenerating C++ code for ROS interfaces[0m
[1.875s] [  6%] Built target ament_cmake_python_copy_custom_interfaces
[2.124s] running egg_info
[2.124s] creating custom_interfaces.egg-info
[2.124s] writing custom_interfaces.egg-info/PKG-INFO
[2.124s] writing dependency_links to custom_interfaces.egg-info/dependency_links.txt
[2.124s] writing top-level names to custom_interfaces.egg-info/top_level.txt
[2.125s] writing manifest file 'custom_interfaces.egg-info/SOURCES.txt'
[2.128s] reading manifest file 'custom_interfaces.egg-info/SOURCES.txt'
[2.129s] writing manifest file 'custom_interfaces.egg-info/SOURCES.txt'
[2.155s] [  6%] Built target ament_cmake_python_build_custom_interfaces_egg
[2.215s] [  9%] [32mBuilding C object CMakeFiles/custom_interfaces__rosidl_generator_c.dir/rosidl_generator_c/custom_interfaces/msg/detail/obstacle_status__functions.c.o[0m
[2.216s] [  9%] Built target custom_interfaces__cpp
[2.229s] [ 12%] [34m[1mGenerating C++ introspection for ROS interfaces[0m
[2.231s] [ 16%] [34m[1mGenerating C++ type support for eProsima Fast-RTPS[0m
[2.235s] [ 19%] [34m[1mGenerating C++ type support dispatch for ROS interfaces[0m
[2.342s] [ 22%] [32m[1mLinking C shared library libcustom_interfaces__rosidl_generator_c.so[0m
[2.406s] [ 22%] Built target custom_interfaces__rosidl_generator_c
[2.422s] [ 25%] [34m[1mGenerating C type support for eProsima Fast-RTPS[0m
[2.839s] [ 29%] [32mBuilding CXX object CMakeFiles/custom_interfaces__rosidl_typesupport_fastrtps_cpp.dir/rosidl_typesupport_fastrtps_cpp/custom_interfaces/msg/detail/dds_fastrtps/obstacle_status__type_support.cpp.o[0m
[2.855s] [ 32%] [32mBuilding CXX object CMakeFiles/custom_interfaces__rosidl_typesupport_introspection_cpp.dir/rosidl_typesupport_introspection_cpp/custom_interfaces/msg/detail/obstacle_status__type_support.cpp.o[0m
[2.898s] [ 35%] [32mBuilding CXX object CMakeFiles/custom_interfaces__rosidl_typesupport_cpp.dir/rosidl_typesupport_cpp/custom_interfaces/msg/obstacle_status__type_support.cpp.o[0m
[3.064s] [ 38%] [32mBuilding CXX object CMakeFiles/custom_interfaces__rosidl_typesupport_fastrtps_c.dir/rosidl_typesupport_fastrtps_c/custom_interfaces/msg/detail/obstacle_status__type_support_c.cpp.o[0m
[3.360s] [ 41%] [32m[1mLinking CXX shared library libcustom_interfaces__rosidl_typesupport_cpp.so[0m
[3.443s] [ 41%] Built target custom_interfaces__rosidl_typesupport_cpp
[3.474s] [ 45%] [34m[1mGenerating C introspection for ROS interfaces[0m
[3.610s] [ 48%] [32m[1mLinking CXX shared library libcustom_interfaces__rosidl_typesupport_introspection_cpp.so[0m
[3.618s] [ 51%] [32m[1mLinking CXX shared library libcustom_interfaces__rosidl_typesupport_fastrtps_cpp.so[0m
[3.647s] [ 54%] [32m[1mLinking CXX shared library libcustom_interfaces__rosidl_typesupport_fastrtps_c.so[0m
[3.714s] [ 54%] Built target custom_interfaces__rosidl_typesupport_introspection_cpp
[3.728s] [ 58%] [34m[1mGenerating C type support dispatch for ROS interfaces[0m
[3.792s] [ 58%] Built target custom_interfaces__rosidl_typesupport_fastrtps_c
[3.883s] [ 58%] Built target custom_interfaces__rosidl_typesupport_fastrtps_cpp
[3.982s] [ 61%] [32mBuilding C object CMakeFiles/custom_interfaces__rosidl_typesupport_introspection_c.dir/rosidl_typesupport_introspection_c/custom_interfaces/msg/detail/obstacle_status__type_support.c.o[0m
[4.030s] [ 64%] [32m[1mLinking C shared library libcustom_interfaces__rosidl_typesupport_introspection_c.so[0m
[4.038s] [ 67%] [32mBuilding CXX object CMakeFiles/custom_interfaces__rosidl_typesupport_c.dir/rosidl_typesupport_c/custom_interfaces/msg/obstacle_status__type_support.cpp.o[0m
[4.072s] [ 67%] Built target custom_interfaces__rosidl_typesupport_introspection_c
[4.078s] [ 70%] [32m[1mLinking CXX shared library libcustom_interfaces__rosidl_typesupport_c.so[0m
[4.117s] [ 70%] Built target custom_interfaces__rosidl_typesupport_c
[4.134s] [ 70%] Built target custom_interfaces
[4.159s] [ 74%] [34m[1mGenerating Python code for ROS interfaces[0m
[4.457s] [ 74%] Built target custom_interfaces__py
[4.477s] [ 77%] [32mBuilding C object CMakeFiles/custom_interfaces__rosidl_generator_py.dir/rosidl_generator_py/custom_interfaces/msg/_obstacle_status_s.c.o[0m
[4.611s] [ 80%] [32m[1mLinking C shared library rosidl_generator_py/custom_interfaces/libcustom_interfaces__rosidl_generator_py.so[0m
[4.666s] [ 80%] Built target custom_interfaces__rosidl_generator_py
[4.712s] [ 83%] [32mBuilding C object CMakeFiles/custom_interfaces__rosidl_typesupport_c__pyext.dir/rosidl_generator_py/custom_interfaces/_custom_interfaces_s.ep.rosidl_typesupport_c.c.o[0m
[4.714s] [ 87%] [32mBuilding C object CMakeFiles/custom_interfaces__rosidl_typesupport_fastrtps_c__pyext.dir/rosidl_generator_py/custom_interfaces/_custom_interfaces_s.ep.rosidl_typesupport_fastrtps_c.c.o[0m
[4.716s] [ 90%] [32mBuilding C object CMakeFiles/custom_interfaces__rosidl_typesupport_introspection_c__pyext.dir/rosidl_generator_py/custom_interfaces/_custom_interfaces_s.ep.rosidl_typesupport_introspection_c.c.o[0m
[4.846s] [ 93%] [32m[1mLinking C shared library rosidl_generator_py/custom_interfaces/custom_interfaces_s__rosidl_typesupport_introspection_c.cpython-310-x86_64-linux-gnu.so[0m
[4.866s] [ 96%] [32m[1mLinking C shared library rosidl_generator_py/custom_interfaces/custom_interfaces_s__rosidl_typesupport_fastrtps_c.cpython-310-x86_64-linux-gnu.so[0m
[4.889s] [ 96%] Built target custom_interfaces__rosidl_typesupport_introspection_c__pyext
[4.895s] [100%] [32m[1mLinking C shared library rosidl_generator_py/custom_interfaces/custom_interfaces_s__rosidl_typesupport_c.cpython-310-x86_64-linux-gnu.so[0m
[4.915s] [100%] Built target custom_interfaces__rosidl_typesupport_fastrtps_c__pyext
[4.939s] [100%] Built target custom_interfaces__rosidl_typesupport_c__pyext
[4.951s] Invoked command in '/home/soethutun/final/build/custom_interfaces' returned '0': CMAKE_PREFIX_PATH=${CMAKE_PREFIX_PATH}:/home/soethutun/final/install/patrol_pkg:/home/soethutun/ros2_ws/install/urdf_lesson:/home/soethutun/ros2_ws/install/my_pkg:/home/soethutun/ros2_ws/install/action_lesson:/home/soethutun/midterm/install/pkg1:/home/soethutun/workspace/install/my_robot_controller:/home/soethutun/workspace/install/exercises:/home/soethutun/turtlebot3_ws/install/turtlebot3_teleop:/home/soethutun/turtlebot3_ws/install/turtlebot3_example:/opt/ros/humble /usr/bin/cmake --build /home/soethutun/final/build/custom_interfaces -- -j4 -l4
[4.960s] Invoking command in '/home/soethutun/final/build/custom_interfaces': CMAKE_PREFIX_PATH=${CMAKE_PREFIX_PATH}:/home/soethutun/final/install/patrol_pkg:/home/soethutun/ros2_ws/install/urdf_lesson:/home/soethutun/ros2_ws/install/my_pkg:/home/soethutun/ros2_ws/install/action_lesson:/home/soethutun/midterm/install/pkg1:/home/soethutun/workspace/install/my_robot_controller:/home/soethutun/workspace/install/exercises:/home/soethutun/turtlebot3_ws/install/turtlebot3_teleop:/home/soethutun/turtlebot3_ws/install/turtlebot3_example:/opt/ros/humble /usr/bin/cmake --install /home/soethutun/final/build/custom_interfaces
[4.970s] -- Install configuration: ""
[4.970s] -- Installing: /home/soethutun/final/install/custom_interfaces/share/ament_index/resource_index/rosidl_interfaces/custom_interfaces
[4.971s] -- Installing: /home/soethutun/final/install/custom_interfaces/include/custom_interfaces/custom_interfaces
[4.971s] -- Installing: /home/soethutun/final/install/custom_interfaces/include/custom_interfaces/custom_interfaces/msg
[4.971s] -- Installing: /home/soethutun/final/install/custom_interfaces/include/custom_interfaces/custom_interfaces/msg/obstacle_status.h
[4.971s] -- Installing: /home/soethutun/final/install/custom_interfaces/include/custom_interfaces/custom_interfaces/msg/rosidl_generator_c__visibility_control.h
[4.971s] -- Installing: /home/soethutun/final/install/custom_interfaces/include/custom_interfaces/custom_interfaces/msg/detail
[4.971s] -- Installing: /home/soethutun/final/install/custom_interfaces/include/custom_interfaces/custom_interfaces/msg/detail/obstacle_status__functions.c
[4.971s] -- Installing: /home/soethutun/final/install/custom_interfaces/include/custom_interfaces/custom_interfaces/msg/detail/obstacle_status__struct.h
[4.972s] -- Installing: /home/soethutun/final/install/custom_interfaces/include/custom_interfaces/custom_interfaces/msg/detail/obstacle_status__type_support.h
[4.972s] -- Installing: /home/soethutun/final/install/custom_interfaces/include/custom_interfaces/custom_interfaces/msg/detail/obstacle_status__functions.h
[4.973s] -- Installing: /home/soethutun/final/install/custom_interfaces/share/custom_interfaces/environment/library_path.sh
[4.973s] -- Installing: /home/soethutun/final/install/custom_interfaces/share/custom_interfaces/environment/library_path.dsv
[4.973s] -- Installing: /home/soethutun/final/install/custom_interfaces/lib/libcustom_interfaces__rosidl_generator_c.so
[4.973s] -- Set runtime path of "/home/soethutun/final/install/custom_interfaces/lib/libcustom_interfaces__rosidl_generator_c.so" to ""
[4.973s] -- Up-to-date: /home/soethutun/final/install/custom_interfaces/include/custom_interfaces/custom_interfaces
[4.973s] -- Up-to-date: /home/soethutun/final/install/custom_interfaces/include/custom_interfaces/custom_interfaces/msg
[4.973s] -- Installing: /home/soethutun/final/install/custom_interfaces/include/custom_interfaces/custom_interfaces/msg/rosidl_typesupport_fastrtps_c__visibility_control.h
[4.973s] -- Up-to-date: /home/soethutun/final/install/custom_interfaces/include/custom_interfaces/custom_interfaces/msg/detail
[4.973s] -- Installing: /home/soethutun/final/install/custom_interfaces/include/custom_interfaces/custom_interfaces/msg/detail/obstacle_status__rosidl_typesupport_fastrtps_c.h
[4.973s] -- Installing: /home/soethutun/final/install/custom_interfaces/lib/libcustom_interfaces__rosidl_typesupport_fastrtps_c.so
[4.973s] -- Set runtime path of "/home/soethutun/final/install/custom_interfaces/lib/libcustom_interfaces__rosidl_typesupport_fastrtps_c.so" to ""
[4.974s] -- Up-to-date: /home/soethutun/final/install/custom_interfaces/include/custom_interfaces/custom_interfaces
[4.974s] -- Up-to-date: /home/soethutun/final/install/custom_interfaces/include/custom_interfaces/custom_interfaces/msg
[4.974s] -- Installing: /home/soethutun/final/install/custom_interfaces/include/custom_interfaces/custom_interfaces/msg/obstacle_status.hpp
[4.974s] -- Up-to-date: /home/soethutun/final/install/custom_interfaces/include/custom_interfaces/custom_interfaces/msg/detail
[4.974s] -- Installing: /home/soethutun/final/install/custom_interfaces/include/custom_interfaces/custom_interfaces/msg/detail/obstacle_status__type_support.hpp
[4.974s] -- Installing: /home/soethutun/final/install/custom_interfaces/include/custom_interfaces/custom_interfaces/msg/detail/obstacle_status__builder.hpp
[4.976s] -- Installing: /home/soethutun/final/install/custom_interfaces/include/custom_interfaces/custom_interfaces/msg/detail/obstacle_status__struct.hpp
[4.976s] -- Installing: /home/soethutun/final/install/custom_interfaces/include/custom_interfaces/custom_interfaces/msg/detail/obstacle_status__traits.hpp
[4.976s] -- Installing: /home/soethutun/final/install/custom_interfaces/include/custom_interfaces/custom_interfaces/msg/rosidl_generator_cpp__visibility_control.hpp
[4.976s] -- Up-to-date: /home/soethutun/final/install/custom_interfaces/include/custom_interfaces/custom_interfaces
[4.976s] -- Up-to-date: /home/soethutun/final/install/custom_interfaces/include/custom_interfaces/custom_interfaces/msg
[4.976s] -- Installing: /home/soethutun/final/install/custom_interfaces/include/custom_interfaces/custom_interfaces/msg/rosidl_typesupport_fastrtps_cpp__visibility_control.h
[4.976s] -- Up-to-date: /home/soethutun/final/install/custom_interfaces/include/custom_interfaces/custom_interfaces/msg/detail
[4.976s] -- Installing: /home/soethutun/final/install/custom_interfaces/include/custom_interfaces/custom_interfaces/msg/detail/obstacle_status__rosidl_typesupport_fastrtps_cpp.hpp
[4.976s] -- Installing: /home/soethutun/final/install/custom_interfaces/include/custom_interfaces/custom_interfaces/msg/detail/dds_fastrtps
[4.977s] -- Installing: /home/soethutun/final/install/custom_interfaces/lib/libcustom_interfaces__rosidl_typesupport_fastrtps_cpp.so
[4.978s] -- Set runtime path of "/home/soethutun/final/install/custom_interfaces/lib/libcustom_interfaces__rosidl_typesupport_fastrtps_cpp.so" to ""
[4.978s] -- Up-to-date: /home/soethutun/final/install/custom_interfaces/include/custom_interfaces/custom_interfaces
[4.978s] -- Up-to-date: /home/soethutun/final/install/custom_interfaces/include/custom_interfaces/custom_interfaces/msg
[4.978s] -- Installing: /home/soethutun/final/install/custom_interfaces/include/custom_interfaces/custom_interfaces/msg/rosidl_typesupport_introspection_c__visibility_control.h
[4.978s] -- Up-to-date: /home/soethutun/final/install/custom_interfaces/include/custom_interfaces/custom_interfaces/msg/detail
[4.978s] -- Installing: /home/soethutun/final/install/custom_interfaces/include/custom_interfaces/custom_interfaces/msg/detail/obstacle_status__type_support.c
[4.978s] -- Installing: /home/soethutun/final/install/custom_interfaces/include/custom_interfaces/custom_interfaces/msg/detail/obstacle_status__rosidl_typesupport_introspection_c.h
[4.979s] -- Installing: /home/soethutun/final/install/custom_interfaces/lib/libcustom_interfaces__rosidl_typesupport_introspection_c.so
[4.979s] -- Set runtime path of "/home/soethutun/final/install/custom_interfaces/lib/libcustom_interfaces__rosidl_typesupport_introspection_c.so" to ""
[4.979s] -- Installing: /home/soethutun/final/install/custom_interfaces/lib/libcustom_interfaces__rosidl_typesupport_c.so
[4.979s] -- Set runtime path of "/home/soethutun/final/install/custom_interfaces/lib/libcustom_interfaces__rosidl_typesupport_c.so" to ""
[4.979s] -- Up-to-date: /home/soethutun/final/install/custom_interfaces/include/custom_interfaces/custom_interfaces
[4.979s] -- Up-to-date: /home/soethutun/final/install/custom_interfaces/include/custom_interfaces/custom_interfaces/msg
[4.979s] -- Up-to-date: /home/soethutun/final/install/custom_interfaces/include/custom_interfaces/custom_interfaces/msg/detail
[4.979s] -- Installing: /home/soethutun/final/install/custom_interfaces/include/custom_interfaces/custom_interfaces/msg/detail/obstacle_status__type_support.cpp
[4.979s] -- Installing: /home/soethutun/final/install/custom_interfaces/include/custom_interfaces/custom_interfaces/msg/detail/obstacle_status__rosidl_typesupport_introspection_cpp.hpp
[4.980s] -- Installing: /home/soethutun/final/install/custom_interfaces/lib/libcustom_interfaces__rosidl_typesupport_introspection_cpp.so
[4.980s] -- Set runtime path of "/home/soethutun/final/install/custom_interfaces/lib/libcustom_interfaces__rosidl_typesupport_introspection_cpp.so" to ""
[4.980s] -- Installing: /home/soethutun/final/install/custom_interfaces/lib/libcustom_interfaces__rosidl_typesupport_cpp.so
[4.980s] -- Set runtime path of "/home/soethutun/final/install/custom_interfaces/lib/libcustom_interfaces__rosidl_typesupport_cpp.so" to ""
[4.980s] -- Installing: /home/soethutun/final/install/custom_interfaces/share/custom_interfaces/environment/pythonpath.sh
[4.980s] -- Installing: /home/soethutun/final/install/custom_interfaces/share/custom_interfaces/environment/pythonpath.dsv
[4.980s] -- Installing: /home/soethutun/final/install/custom_interfaces/local/lib/python3.10/dist-packages/custom_interfaces-0.0.0-py3.10.egg-info
[4.980s] -- Installing: /home/soethutun/final/install/custom_interfaces/local/lib/python3.10/dist-packages/custom_interfaces-0.0.0-py3.10.egg-info/PKG-INFO
[4.980s] -- Installing: /home/soethutun/final/install/custom_interfaces/local/lib/python3.10/dist-packages/custom_interfaces-0.0.0-py3.10.egg-info/dependency_links.txt
[4.981s] -- Installing: /home/soethutun/final/install/custom_interfaces/local/lib/python3.10/dist-packages/custom_interfaces-0.0.0-py3.10.egg-info/SOURCES.txt
[4.981s] -- Installing: /home/soethutun/final/install/custom_interfaces/local/lib/python3.10/dist-packages/custom_interfaces-0.0.0-py3.10.egg-info/top_level.txt
[4.981s] -- Installing: /home/soethutun/final/install/custom_interfaces/local/lib/python3.10/dist-packages/custom_interfaces
[4.981s] -- Installing: /home/soethutun/final/install/custom_interfaces/local/lib/python3.10/dist-packages/custom_interfaces/custom_interfaces_s__rosidl_typesupport_fastrtps_c.cpython-310-x86_64-linux-gnu.so
[4.981s] -- Installing: /home/soethutun/final/install/custom_interfaces/local/lib/python3.10/dist-packages/custom_interfaces/_custom_interfaces_s.ep.rosidl_typesupport_fastrtps_c.c
[4.981s] -- Installing: /home/soethutun/final/install/custom_interfaces/local/lib/python3.10/dist-packages/custom_interfaces/msg
[4.981s] -- Installing: /home/soethutun/final/install/custom_interfaces/local/lib/python3.10/dist-packages/custom_interfaces/msg/_obstacle_status.py
[4.981s] -- Installing: /home/soethutun/final/install/custom_interfaces/local/lib/python3.10/dist-packages/custom_interfaces/msg/_obstacle_status_s.c
[4.981s] -- Installing: /home/soethutun/final/install/custom_interfaces/local/lib/python3.10/dist-packages/custom_interfaces/msg/__init__.py
[4.982s] -- Installing: /home/soethutun/final/install/custom_interfaces/local/lib/python3.10/dist-packages/custom_interfaces/libcustom_interfaces__rosidl_generator_py.so
[4.982s] -- Installing: /home/soethutun/final/install/custom_interfaces/local/lib/python3.10/dist-packages/custom_interfaces/_custom_interfaces_s.ep.rosidl_typesupport_introspection_c.c
[4.982s] -- Installing: /home/soethutun/final/install/custom_interfaces/local/lib/python3.10/dist-packages/custom_interfaces/custom_interfaces_s__rosidl_typesupport_introspection_c.cpython-310-x86_64-linux-gnu.so
[4.982s] -- Installing: /home/soethutun/final/install/custom_interfaces/local/lib/python3.10/dist-packages/custom_interfaces/custom_interfaces_s__rosidl_typesupport_c.cpython-310-x86_64-linux-gnu.so
[4.982s] -- Installing: /home/soethutun/final/install/custom_interfaces/local/lib/python3.10/dist-packages/custom_interfaces/__init__.py
[4.982s] -- Installing: /home/soethutun/final/install/custom_interfaces/local/lib/python3.10/dist-packages/custom_interfaces/_custom_interfaces_s.ep.rosidl_typesupport_c.c
[5.011s] Listing '/home/soethutun/final/install/custom_interfaces/local/lib/python3.10/dist-packages/custom_interfaces'...
[5.011s] Compiling '/home/soethutun/final/install/custom_interfaces/local/lib/python3.10/dist-packages/custom_interfaces/__init__.py'...
[5.012s] Listing '/home/soethutun/final/install/custom_interfaces/local/lib/python3.10/dist-packages/custom_interfaces/msg'...
[5.012s] Compiling '/home/soethutun/final/install/custom_interfaces/local/lib/python3.10/dist-packages/custom_interfaces/msg/__init__.py'...
[5.012s] Compiling '/home/soethutun/final/install/custom_interfaces/local/lib/python3.10/dist-packages/custom_interfaces/msg/_obstacle_status.py'...
[5.015s] -- Installing: /home/soethutun/final/install/custom_interfaces/local/lib/python3.10/dist-packages/custom_interfaces/custom_interfaces_s__rosidl_typesupport_fastrtps_c.cpython-310-x86_64-linux-gnu.so
[5.015s] -- Set runtime path of "/home/soethutun/final/install/custom_interfaces/local/lib/python3.10/dist-packages/custom_interfaces/custom_interfaces_s__rosidl_typesupport_fastrtps_c.cpython-310-x86_64-linux-gnu.so" to ""
[5.015s] -- Installing: /home/soethutun/final/install/custom_interfaces/local/lib/python3.10/dist-packages/custom_interfaces/custom_interfaces_s__rosidl_typesupport_introspection_c.cpython-310-x86_64-linux-gnu.so
[5.016s] -- Set runtime path of "/home/soethutun/final/install/custom_interfaces/local/lib/python3.10/dist-packages/custom_interfaces/custom_interfaces_s__rosidl_typesupport_introspection_c.cpython-310-x86_64-linux-gnu.so" to ""
[5.016s] -- Installing: /home/soethutun/final/install/custom_interfaces/local/lib/python3.10/dist-packages/custom_interfaces/custom_interfaces_s__rosidl_typesupport_c.cpython-310-x86_64-linux-gnu.so
[5.016s] -- Set runtime path of "/home/soethutun/final/install/custom_interfaces/local/lib/python3.10/dist-packages/custom_interfaces/custom_interfaces_s__rosidl_typesupport_c.cpython-310-x86_64-linux-gnu.so" to ""
[5.016s] -- Installing: /home/soethutun/final/install/custom_interfaces/lib/libcustom_interfaces__rosidl_generator_py.so
[5.016s] -- Set runtime path of "/home/soethutun/final/install/custom_interfaces/lib/libcustom_interfaces__rosidl_generator_py.so" to ""
[5.016s] -- Installing: /home/soethutun/final/install/custom_interfaces/share/custom_interfaces/msg/ObstacleStatus.idl
[5.016s] -- Installing: /home/soethutun/final/install/custom_interfaces/share/custom_interfaces/msg/ObstacleStatus.msg
[5.016s] -- Installing: /home/soethutun/final/install/custom_interfaces/share/ament_index/resource_index/package_run_dependencies/custom_interfaces
[5.017s] -- Installing: /home/soethutun/final/install/custom_interfaces/share/ament_index/resource_index/parent_prefix_path/custom_interfaces
[5.017s] -- Installing: /home/soethutun/final/install/custom_interfaces/share/custom_interfaces/environment/ament_prefix_path.sh
[5.017s] -- Installing: /home/soethutun/final/install/custom_interfaces/share/custom_interfaces/environment/ament_prefix_path.dsv
[5.017s] -- Installing: /home/soethutun/final/install/custom_interfaces/share/custom_interfaces/environment/path.sh
[5.017s] -- Installing: /home/soethutun/final/install/custom_interfaces/share/custom_interfaces/environment/path.dsv
[5.017s] -- Installing: /home/soethutun/final/install/custom_interfaces/share/custom_interfaces/local_setup.bash
[5.017s] -- Installing: /home/soethutun/final/install/custom_interfaces/share/custom_interfaces/local_setup.sh
[5.017s] -- Installing: /home/soethutun/final/install/custom_interfaces/share/custom_interfaces/local_setup.zsh
[5.017s] -- Installing: /home/soethutun/final/install/custom_interfaces/share/custom_interfaces/local_setup.dsv
[5.017s] -- Installing: /home/soethutun/final/install/custom_interfaces/share/custom_interfaces/package.dsv
[5.017s] -- Installing: /home/soethutun/final/install/custom_interfaces/share/ament_index/resource_index/packages/custom_interfaces
[5.017s] -- Installing: /home/soethutun/final/install/custom_interfaces/share/custom_interfaces/cmake/export_custom_interfaces__rosidl_generator_cExport.cmake
[5.017s] -- Installing: /home/soethutun/final/install/custom_interfaces/share/custom_interfaces/cmake/export_custom_interfaces__rosidl_generator_cExport-noconfig.cmake
[5.018s] -- Installing: /home/soethutun/final/install/custom_interfaces/share/custom_interfaces/cmake/export_custom_interfaces__rosidl_typesupport_fastrtps_cExport.cmake
[5.018s] -- Installing: /home/soethutun/final/install/custom_interfaces/share/custom_interfaces/cmake/export_custom_interfaces__rosidl_typesupport_fastrtps_cExport-noconfig.cmake
[5.018s] -- Installing: /home/soethutun/final/install/custom_interfaces/share/custom_interfaces/cmake/export_custom_interfaces__rosidl_generator_cppExport.cmake
[5.018s] -- Installing: /home/soethutun/final/install/custom_interfaces/share/custom_interfaces/cmake/export_custom_interfaces__rosidl_typesupport_fastrtps_cppExport.cmake
[5.018s] -- Installing: /home/soethutun/final/install/custom_interfaces/share/custom_interfaces/cmake/export_custom_interfaces__rosidl_typesupport_fastrtps_cppExport-noconfig.cmake
[5.018s] -- Installing: /home/soethutun/final/install/custom_interfaces/share/custom_interfaces/cmake/custom_interfaces__rosidl_typesupport_introspection_cExport.cmake
[5.018s] -- Installing: /home/soethutun/final/install/custom_interfaces/share/custom_interfaces/cmake/custom_interfaces__rosidl_typesupport_introspection_cExport-noconfig.cmake
[5.018s] -- Installing: /home/soethutun/final/install/custom_interfaces/share/custom_interfaces/cmake/custom_interfaces__rosidl_typesupport_cExport.cmake
[5.018s] -- Installing: /home/soethutun/final/install/custom_interfaces/share/custom_interfaces/cmake/custom_interfaces__rosidl_typesupport_cExport-noconfig.cmake
[5.018s] -- Installing: /home/soethutun/final/install/custom_interfaces/share/custom_interfaces/cmake/custom_interfaces__rosidl_typesupport_introspection_cppExport.cmake
[5.018s] -- Installing: /home/soethutun/final/install/custom_interfaces/share/custom_interfaces/cmake/custom_interfaces__rosidl_typesupport_introspection_cppExport-noconfig.cmake
[5.019s] -- Installing: /home/soethutun/final/install/custom_interfaces/share/custom_interfaces/cmake/custom_interfaces__rosidl_typesupport_cppExport.cmake
[5.019s] -- Installing: /home/soethutun/final/install/custom_interfaces/share/custom_interfaces/cmake/custom_interfaces__rosidl_typesupport_cppExport-noconfig.cmake
[5.019s] -- Installing: /home/soethutun/final/install/custom_interfaces/share/custom_interfaces/cmake/export_custom_interfaces__rosidl_generator_pyExport.cmake
[5.019s] -- Installing: /home/soethutun/final/install/custom_interfaces/share/custom_interfaces/cmake/export_custom_interfaces__rosidl_generator_pyExport-noconfig.cmake
[5.019s] -- Installing: /home/soethutun/final/install/custom_interfaces/share/custom_interfaces/cmake/rosidl_cmake-extras.cmake
[5.019s] -- Installing: /home/soethutun/final/install/custom_interfaces/share/custom_interfaces/cmake/ament_cmake_export_dependencies-extras.cmake
[5.019s] -- Installing: /home/soethutun/final/install/custom_interfaces/share/custom_interfaces/cmake/ament_cmake_export_include_directories-extras.cmake
[5.019s] -- Installing: /home/soethutun/final/install/custom_interfaces/share/custom_interfaces/cmake/ament_cmake_export_libraries-extras.cmake
[5.019s] -- Installing: /home/soethutun/final/install/custom_interfaces/share/custom_interfaces/cmake/ament_cmake_export_targets-extras.cmake
[5.019s] -- Installing: /home/soethutun/final/install/custom_interfaces/share/custom_interfaces/cmake/rosidl_cmake_export_typesupport_targets-extras.cmake
[5.020s] -- Installing: /home/soethutun/final/install/custom_interfaces/share/custom_interfaces/cmake/rosidl_cmake_export_typesupport_libraries-extras.cmake
[5.020s] -- Installing: /home/soethutun/final/install/custom_interfaces/share/custom_interfaces/cmake/custom_interfacesConfig.cmake
[5.020s] -- Installing: /home/soethutun/final/install/custom_interfaces/share/custom_interfaces/cmake/custom_interfacesConfig-version.cmake
[5.020s] -- Installing: /home/soethutun/final/install/custom_interfaces/share/custom_interfaces/package.xml
[5.022s] Invoked command in '/home/soethutun/final/build/custom_interfaces' returned '0': CMAKE_PREFIX_PATH=${CMAKE_PREFIX_PATH}:/home/soethutun/final/install/patrol_pkg:/home/soethutun/ros2_ws/install/urdf_lesson:/home/soethutun/ros2_ws/install/my_pkg:/home/soethutun/ros2_ws/install/action_lesson:/home/soethutun/midterm/install/pkg1:/home/soethutun/workspace/install/my_robot_controller:/home/soethutun/workspace/install/exercises:/home/soethutun/turtlebot3_ws/install/turtlebot3_teleop:/home/soethutun/turtlebot3_ws/install/turtlebot3_example:/opt/ros/humble /usr/bin/cmake --install /home/soethutun/final/build/custom_interfaces
