[0.801s] Invoking command in '/home/soethutun/final/src/patrol_pkg': PYTHONPATH=/home/soethutun/final/build/patrol_pkg/prefix_override:/usr/lib/python3/dist-packages/colcon_core/task/python/colcon_distutils_commands:/home/soethutun/final/install/patrol_pkg/lib/python3.10/site-packages:${PYTHONPATH} /usr/bin/python3 -W ignore:setup.py install is deprecated -W ignore:easy_install command is deprecated setup.py egg_info --egg-base ../../build/patrol_pkg build --build-base /home/soethutun/final/build/patrol_pkg/build install --record /home/soethutun/final/build/patrol_pkg/install.log --single-version-externally-managed install_data
[1.032s] running egg_info
[1.032s] writing ../../build/patrol_pkg/patrol_pkg.egg-info/PKG-INFO
[1.032s] writing dependency_links to ../../build/patrol_pkg/patrol_pkg.egg-info/dependency_links.txt
[1.033s] writing entry points to ../../build/patrol_pkg/patrol_pkg.egg-info/entry_points.txt
[1.033s] writing requirements to ../../build/patrol_pkg/patrol_pkg.egg-info/requires.txt
[1.033s] writing top-level names to ../../build/patrol_pkg/patrol_pkg.egg-info/top_level.txt
[1.035s] reading manifest file '../../build/patrol_pkg/patrol_pkg.egg-info/SOURCES.txt'
[1.035s] adding license file 'LICENSE'
[1.035s] writing manifest file '../../build/patrol_pkg/patrol_pkg.egg-info/SOURCES.txt'
[1.035s] running build
[1.035s] running build_py
[1.036s] copying patrol_pkg/sensor_node.py -> /home/soethutun/final/build/patrol_pkg/build/lib/patrol_pkg
[1.036s] copying patrol_pkg/controller_node.py -> /home/soethutun/final/build/patrol_pkg/build/lib/patrol_pkg
[1.036s] running install
[1.037s] running install_lib
[1.037s] copying /home/soethutun/final/build/patrol_pkg/build/lib/patrol_pkg/sensor_node.py -> /home/soethutun/final/install/patrol_pkg/lib/python3.10/site-packages/patrol_pkg
[1.038s] copying /home/soethutun/final/build/patrol_pkg/build/lib/patrol_pkg/controller_node.py -> /home/soethutun/final/install/patrol_pkg/lib/python3.10/site-packages/patrol_pkg
[1.038s] byte-compiling /home/soethutun/final/install/patrol_pkg/lib/python3.10/site-packages/patrol_pkg/sensor_node.py to sensor_node.cpython-310.pyc
[1.039s] byte-compiling /home/soethutun/final/install/patrol_pkg/lib/python3.10/site-packages/patrol_pkg/controller_node.py to controller_node.cpython-310.pyc
[1.040s] running install_data
[1.040s] running install_egg_info
[1.041s] removing '/home/soethutun/final/install/patrol_pkg/lib/python3.10/site-packages/patrol_pkg-0.0.0-py3.10.egg-info' (and everything under it)
[1.041s] Copying ../../build/patrol_pkg/patrol_pkg.egg-info to /home/soethutun/final/install/patrol_pkg/lib/python3.10/site-packages/patrol_pkg-0.0.0-py3.10.egg-info
[1.042s] running install_scripts
[1.062s] Installing controller_node script to /home/soethutun/final/install/patrol_pkg/lib/patrol_pkg
[1.062s] Installing monitor_node script to /home/soethutun/final/install/patrol_pkg/lib/patrol_pkg
[1.062s] Installing my_node script to /home/soethutun/final/install/patrol_pkg/lib/patrol_pkg
[1.062s] Installing sensor_node script to /home/soethutun/final/install/patrol_pkg/lib/patrol_pkg
[1.062s] writing list of installed files to '/home/soethutun/final/build/patrol_pkg/install.log'
[1.095s] Invoked command in '/home/soethutun/final/src/patrol_pkg' returned '0': PYTHONPATH=/home/soethutun/final/build/patrol_pkg/prefix_override:/usr/lib/python3/dist-packages/colcon_core/task/python/colcon_distutils_commands:/home/soethutun/final/install/patrol_pkg/lib/python3.10/site-packages:${PYTHONPATH} /usr/bin/python3 -W ignore:setup.py install is deprecated -W ignore:easy_install command is deprecated setup.py egg_info --egg-base ../../build/patrol_pkg build --build-base /home/soethutun/final/build/patrol_pkg/build install --record /home/soethutun/final/build/patrol_pkg/install.log --single-version-externally-managed install_data
