[0.668s] Invoking command in '/home/soethutun/final/src/patrol_pkg': PYTHONPATH=/home/soethutun/final/build/patrol_pkg/prefix_override:/usr/lib/python3/dist-packages/colcon_core/task/python/colcon_distutils_commands:/home/soethutun/final/install/patrol_pkg/lib/python3.10/site-packages:${PYTHONPATH} /usr/bin/python3 -W ignore:setup.py install is deprecated -W ignore:easy_install command is deprecated setup.py egg_info --egg-base ../../build/patrol_pkg build --build-base /home/soethutun/final/build/patrol_pkg/build install --record /home/soethutun/final/build/patrol_pkg/install.log --single-version-externally-managed install_data
[0.850s] running egg_info
[0.850s] writing ../../build/patrol_pkg/patrol_pkg.egg-info/PKG-INFO
[0.853s] writing dependency_links to ../../build/patrol_pkg/patrol_pkg.egg-info/dependency_links.txt
[0.854s] writing entry points to ../../build/patrol_pkg/patrol_pkg.egg-info/entry_points.txt
[0.854s] writing requirements to ../../build/patrol_pkg/patrol_pkg.egg-info/requires.txt
[0.854s] writing top-level names to ../../build/patrol_pkg/patrol_pkg.egg-info/top_level.txt
[0.855s] reading manifest file '../../build/patrol_pkg/patrol_pkg.egg-info/SOURCES.txt'
[0.856s] adding license file 'LICENSE'
[0.856s] writing manifest file '../../build/patrol_pkg/patrol_pkg.egg-info/SOURCES.txt'
[0.856s] running build
[0.856s] running build_py
[0.858s] running install
[0.858s] running install_lib
[0.859s] running install_data
[0.859s] creating /home/soethutun/final/install/patrol_pkg/share/patrol_pkg/launch
[0.859s] copying launch/world_test.launch.py -> /home/soethutun/final/install/patrol_pkg/share/patrol_pkg/launch
[0.860s] creating /home/soethutun/final/install/patrol_pkg/share/patrol_pkg/worlds
[0.860s] copying worlds/world_test.world -> /home/soethutun/final/install/patrol_pkg/share/patrol_pkg/worlds
[0.860s] running install_egg_info
[0.861s] removing '/home/soethutun/final/install/patrol_pkg/lib/python3.10/site-packages/patrol_pkg-0.0.0-py3.10.egg-info' (and everything under it)
[0.861s] Copying ../../build/patrol_pkg/patrol_pkg.egg-info to /home/soethutun/final/install/patrol_pkg/lib/python3.10/site-packages/patrol_pkg-0.0.0-py3.10.egg-info
[0.862s] running install_scripts
[0.876s] Installing controller_node script to /home/soethutun/final/install/patrol_pkg/lib/patrol_pkg
[0.876s] Installing monitor_node script to /home/soethutun/final/install/patrol_pkg/lib/patrol_pkg
[0.876s] Installing my_node script to /home/soethutun/final/install/patrol_pkg/lib/patrol_pkg
[0.876s] Installing sensor_node script to /home/soethutun/final/install/patrol_pkg/lib/patrol_pkg
[0.876s] writing list of installed files to '/home/soethutun/final/build/patrol_pkg/install.log'
[0.897s] Invoked command in '/home/soethutun/final/src/patrol_pkg' returned '0': PYTHONPATH=/home/soethutun/final/build/patrol_pkg/prefix_override:/usr/lib/python3/dist-packages/colcon_core/task/python/colcon_distutils_commands:/home/soethutun/final/install/patrol_pkg/lib/python3.10/site-packages:${PYTHONPATH} /usr/bin/python3 -W ignore:setup.py install is deprecated -W ignore:easy_install command is deprecated setup.py egg_info --egg-base ../../build/patrol_pkg build --build-base /home/soethutun/final/build/patrol_pkg/build install --record /home/soethutun/final/build/patrol_pkg/install.log --single-version-externally-managed install_data
