running egg_info
creating ../../build/patrol_pkg/patrol_pkg.egg-info
writing ../../build/patrol_pkg/patrol_pkg.egg-info/PKG-INFO
writing dependency_links to ../../build/patrol_pkg/patrol_pkg.egg-info/dependency_links.txt
writing entry points to ../../build/patrol_pkg/patrol_pkg.egg-info/entry_points.txt
writing requirements to ../../build/patrol_pkg/patrol_pkg.egg-info/requires.txt
writing top-level names to ../../build/patrol_pkg/patrol_pkg.egg-info/top_level.txt
writing manifest file '../../build/patrol_pkg/patrol_pkg.egg-info/SOURCES.txt'
reading manifest file '../../build/patrol_pkg/patrol_pkg.egg-info/SOURCES.txt'
adding license file 'LICENSE'
writing manifest file '../../build/patrol_pkg/patrol_pkg.egg-info/SOURCES.txt'
running build
running build_py
creating /home/soethutun/final/build/patrol_pkg/build
creating /home/soethutun/final/build/patrol_pkg/build/lib
creating /home/soethutun/final/build/patrol_pkg/build/lib/patrol_pkg
copying patrol_pkg/sensor_node.py -> /home/soethutun/final/build/patrol_pkg/build/lib/patrol_pkg
copying patrol_pkg/my_node.py -> /home/soethutun/final/build/patrol_pkg/build/lib/patrol_pkg
copying patrol_pkg/monitor_node.py -> /home/soethutun/final/build/patrol_pkg/build/lib/patrol_pkg
copying patrol_pkg/controller_node.py -> /home/soethutun/final/build/patrol_pkg/build/lib/patrol_pkg
copying patrol_pkg/__init__.py -> /home/soethutun/final/build/patrol_pkg/build/lib/patrol_pkg
running install
running install_lib
creating /home/soethutun/final/install/patrol_pkg/lib/python3.10/site-packages/patrol_pkg
copying /home/soethutun/final/build/patrol_pkg/build/lib/patrol_pkg/sensor_node.py -> /home/soethutun/final/install/patrol_pkg/lib/python3.10/site-packages/patrol_pkg
copying /home/soethutun/final/build/patrol_pkg/build/lib/patrol_pkg/my_node.py -> /home/soethutun/final/install/patrol_pkg/lib/python3.10/site-packages/patrol_pkg
copying /home/soethutun/final/build/patrol_pkg/build/lib/patrol_pkg/monitor_node.py -> /home/soethutun/final/install/patrol_pkg/lib/python3.10/site-packages/patrol_pkg
copying /home/soethutun/final/build/patrol_pkg/build/lib/patrol_pkg/controller_node.py -> /home/soethutun/final/install/patrol_pkg/lib/python3.10/site-packages/patrol_pkg
copying /home/soethutun/final/build/patrol_pkg/build/lib/patrol_pkg/__init__.py -> /home/soethutun/final/install/patrol_pkg/lib/python3.10/site-packages/patrol_pkg
byte-compiling /home/soethutun/final/install/patrol_pkg/lib/python3.10/site-packages/patrol_pkg/sensor_node.py to sensor_node.cpython-310.pyc
byte-compiling /home/soethutun/final/install/patrol_pkg/lib/python3.10/site-packages/patrol_pkg/my_node.py to my_node.cpython-310.pyc
byte-compiling /home/soethutun/final/install/patrol_pkg/lib/python3.10/site-packages/patrol_pkg/monitor_node.py to monitor_node.cpython-310.pyc
byte-compiling /home/soethutun/final/install/patrol_pkg/lib/python3.10/site-packages/patrol_pkg/controller_node.py to controller_node.cpython-310.pyc
byte-compiling /home/soethutun/final/install/patrol_pkg/lib/python3.10/site-packages/patrol_pkg/__init__.py to __init__.cpython-310.pyc
running install_data
creating /home/soethutun/final/install/patrol_pkg/share/ament_index
creating /home/soethutun/final/install/patrol_pkg/share/ament_index/resource_index
creating /home/soethutun/final/install/patrol_pkg/share/ament_index/resource_index/packages
copying resource/patrol_pkg -> /home/soethutun/final/install/patrol_pkg/share/ament_index/resource_index/packages
copying package.xml -> /home/soethutun/final/install/patrol_pkg/share/patrol_pkg
running install_egg_info
Copying ../../build/patrol_pkg/patrol_pkg.egg-info to /home/soethutun/final/install/patrol_pkg/lib/python3.10/site-packages/patrol_pkg-0.0.0-py3.10.egg-info
running install_scripts
Installing controller_node script to /home/soethutun/final/install/patrol_pkg/lib/patrol_pkg
Installing monitor_node script to /home/soethutun/final/install/patrol_pkg/lib/patrol_pkg
Installing my_node script to /home/soethutun/final/install/patrol_pkg/lib/patrol_pkg
Installing sensor_node script to /home/soethutun/final/install/patrol_pkg/lib/patrol_pkg
writing list of installed files to '/home/soethutun/final/build/patrol_pkg/install.log'
