[0.637s] Invoking command in '/home/soethutun/final/src/patrol_pkg': PYTHONPATH=/home/soethutun/final/build/patrol_pkg/prefix_override:/usr/lib/python3/dist-packages/colcon_core/task/python/colcon_distutils_commands:/home/soethutun/final/install/patrol_pkg/lib/python3.10/site-packages:${PYTHONPATH} /usr/bin/python3 -W ignore:setup.py install is deprecated -W ignore:easy_install command is deprecated setup.py egg_info --egg-base ../../build/patrol_pkg build --build-base /home/soethutun/final/build/patrol_pkg/build install --record /home/soethutun/final/build/patrol_pkg/install.log --single-version-externally-managed install_data
[0.914s] running egg_info
[0.915s] creating ../../build/patrol_pkg/patrol_pkg.egg-info
[0.915s] writing ../../build/patrol_pkg/patrol_pkg.egg-info/PKG-INFO
[0.915s] writing dependency_links to ../../build/patrol_pkg/patrol_pkg.egg-info/dependency_links.txt
[0.915s] writing entry points to ../../build/patrol_pkg/patrol_pkg.egg-info/entry_points.txt
[0.915s] writing requirements to ../../build/patrol_pkg/patrol_pkg.egg-info/requires.txt
[0.915s] writing top-level names to ../../build/patrol_pkg/patrol_pkg.egg-info/top_level.txt
[0.916s] writing manifest file '../../build/patrol_pkg/patrol_pkg.egg-info/SOURCES.txt'
[0.918s] reading manifest file '../../build/patrol_pkg/patrol_pkg.egg-info/SOURCES.txt'
[0.918s] adding license file 'LICENSE'
[0.918s] writing manifest file '../../build/patrol_pkg/patrol_pkg.egg-info/SOURCES.txt'
[0.919s] running build
[0.919s] running build_py
[0.919s] creating /home/soethutun/final/build/patrol_pkg/build
[0.919s] creating /home/soethutun/final/build/patrol_pkg/build/lib
[0.919s] creating /home/soethutun/final/build/patrol_pkg/build/lib/patrol_pkg
[0.919s] copying patrol_pkg/sensor_node.py -> /home/soethutun/final/build/patrol_pkg/build/lib/patrol_pkg
[0.920s] copying patrol_pkg/my_node.py -> /home/soethutun/final/build/patrol_pkg/build/lib/patrol_pkg
[0.920s] copying patrol_pkg/monitor_node.py -> /home/soethutun/final/build/patrol_pkg/build/lib/patrol_pkg
[0.920s] copying patrol_pkg/controller_node.py -> /home/soethutun/final/build/patrol_pkg/build/lib/patrol_pkg
[0.920s] copying patrol_pkg/__init__.py -> /home/soethutun/final/build/patrol_pkg/build/lib/patrol_pkg
[0.921s] running install
[0.921s] running install_lib
[0.921s] creating /home/soethutun/final/install/patrol_pkg/lib/python3.10/site-packages/patrol_pkg
[0.921s] copying /home/soethutun/final/build/patrol_pkg/build/lib/patrol_pkg/sensor_node.py -> /home/soethutun/final/install/patrol_pkg/lib/python3.10/site-packages/patrol_pkg
[0.921s] copying /home/soethutun/final/build/patrol_pkg/build/lib/patrol_pkg/my_node.py -> /home/soethutun/final/install/patrol_pkg/lib/python3.10/site-packages/patrol_pkg
[0.922s] copying /home/soethutun/final/build/patrol_pkg/build/lib/patrol_pkg/monitor_node.py -> /home/soethutun/final/install/patrol_pkg/lib/python3.10/site-packages/patrol_pkg
[0.922s] copying /home/soethutun/final/build/patrol_pkg/build/lib/patrol_pkg/controller_node.py -> /home/soethutun/final/install/patrol_pkg/lib/python3.10/site-packages/patrol_pkg
[0.922s] copying /home/soethutun/final/build/patrol_pkg/build/lib/patrol_pkg/__init__.py -> /home/soethutun/final/install/patrol_pkg/lib/python3.10/site-packages/patrol_pkg
[0.923s] byte-compiling /home/soethutun/final/install/patrol_pkg/lib/python3.10/site-packages/patrol_pkg/sensor_node.py to sensor_node.cpython-310.pyc
[0.924s] byte-compiling /home/soethutun/final/install/patrol_pkg/lib/python3.10/site-packages/patrol_pkg/my_node.py to my_node.cpython-310.pyc
[0.924s] byte-compiling /home/soethutun/final/install/patrol_pkg/lib/python3.10/site-packages/patrol_pkg/monitor_node.py to monitor_node.cpython-310.pyc
[0.924s] byte-compiling /home/soethutun/final/install/patrol_pkg/lib/python3.10/site-packages/patrol_pkg/controller_node.py to controller_node.cpython-310.pyc
[0.924s] byte-compiling /home/soethutun/final/install/patrol_pkg/lib/python3.10/site-packages/patrol_pkg/__init__.py to __init__.cpython-310.pyc
[0.925s] running install_data
[0.925s] creating /home/soethutun/final/install/patrol_pkg/share/ament_index
[0.925s] creating /home/soethutun/final/install/patrol_pkg/share/ament_index/resource_index
[0.925s] creating /home/soethutun/final/install/patrol_pkg/share/ament_index/resource_index/packages
[0.925s] copying resource/patrol_pkg -> /home/soethutun/final/install/patrol_pkg/share/ament_index/resource_index/packages
[0.925s] copying package.xml -> /home/soethutun/final/install/patrol_pkg/share/patrol_pkg
[0.925s] running install_egg_info
[0.927s] Copying ../../build/patrol_pkg/patrol_pkg.egg-info to /home/soethutun/final/install/patrol_pkg/lib/python3.10/site-packages/patrol_pkg-0.0.0-py3.10.egg-info
[0.928s] running install_scripts
[0.949s] Installing controller_node script to /home/soethutun/final/install/patrol_pkg/lib/patrol_pkg
[0.949s] Installing monitor_node script to /home/soethutun/final/install/patrol_pkg/lib/patrol_pkg
[0.949s] Installing my_node script to /home/soethutun/final/install/patrol_pkg/lib/patrol_pkg
[0.949s] Installing sensor_node script to /home/soethutun/final/install/patrol_pkg/lib/patrol_pkg
[0.949s] writing list of installed files to '/home/soethutun/final/build/patrol_pkg/install.log'
[0.976s] Invoked command in '/home/soethutun/final/src/patrol_pkg' returned '0': PYTHONPATH=/home/soethutun/final/build/patrol_pkg/prefix_override:/usr/lib/python3/dist-packages/colcon_core/task/python/colcon_distutils_commands:/home/soethutun/final/install/patrol_pkg/lib/python3.10/site-packages:${PYTHONPATH} /usr/bin/python3 -W ignore:setup.py install is deprecated -W ignore:easy_install command is deprecated setup.py egg_info --egg-base ../../build/patrol_pkg build --build-base /home/soethutun/final/build/patrol_pkg/build install --record /home/soethutun/final/build/patrol_pkg/install.log --single-version-externally-managed install_data
