/home/soethutun/final/install/patrol_pkg/lib/python3.10/site-packages/patrol_pkg/sensor_node.py
/home/soethutun/final/install/patrol_pkg/lib/python3.10/site-packages/patrol_pkg/my_node.py
/home/soethutun/final/install/patrol_pkg/lib/python3.10/site-packages/patrol_pkg/monitor_node.py
/home/soethutun/final/install/patrol_pkg/lib/python3.10/site-packages/patrol_pkg/controller_node.py
/home/soethutun/final/install/patrol_pkg/lib/python3.10/site-packages/patrol_pkg/__init__.py
/home/soethutun/final/install/patrol_pkg/lib/python3.10/site-packages/patrol_pkg/virutal_sensor_tf.py
/home/soethutun/final/install/patrol_pkg/lib/python3.10/site-packages/patrol_pkg/__pycache__/sensor_node.cpython-310.pyc
/home/soethutun/final/install/patrol_pkg/lib/python3.10/site-packages/patrol_pkg/__pycache__/my_node.cpython-310.pyc
/home/soethutun/final/install/patrol_pkg/lib/python3.10/site-packages/patrol_pkg/__pycache__/monitor_node.cpython-310.pyc
/home/soethutun/final/install/patrol_pkg/lib/python3.10/site-packages/patrol_pkg/__pycache__/controller_node.cpython-310.pyc
/home/soethutun/final/install/patrol_pkg/lib/python3.10/site-packages/patrol_pkg/__pycache__/__init__.cpython-310.pyc
/home/soethutun/final/install/patrol_pkg/lib/python3.10/site-packages/patrol_pkg/__pycache__/virutal_sensor_tf.cpython-310.pyc
/home/soethutun/final/install/patrol_pkg/share/ament_index/resource_index/packages/patrol_pkg
/home/soethutun/final/install/patrol_pkg/share/patrol_pkg/package.xml
/home/soethutun/final/install/patrol_pkg/share/patrol_pkg/launch/world_test.launch.py
/home/soethutun/final/install/patrol_pkg/share/patrol_pkg/worlds/world_test.world
/home/soethutun/final/install/patrol_pkg/share/patrol_pkg/rviz/patrol_config.rviz
/home/soethutun/final/install/patrol_pkg/lib/python3.10/site-packages/patrol_pkg-0.0.0-py3.10.egg-info/PKG-INFO
/home/soethutun/final/install/patrol_pkg/lib/python3.10/site-packages/patrol_pkg-0.0.0-py3.10.egg-info/dependency_links.txt
/home/soethutun/final/install/patrol_pkg/lib/python3.10/site-packages/patrol_pkg-0.0.0-py3.10.egg-info/entry_points.txt
/home/soethutun/final/install/patrol_pkg/lib/python3.10/site-packages/patrol_pkg-0.0.0-py3.10.egg-info/SOURCES.txt
/home/soethutun/final/install/patrol_pkg/lib/python3.10/site-packages/patrol_pkg-0.0.0-py3.10.egg-info/top_level.txt
/home/soethutun/final/install/patrol_pkg/lib/python3.10/site-packages/patrol_pkg-0.0.0-py3.10.egg-info/requires.txt
/home/soethutun/final/install/patrol_pkg/lib/python3.10/site-packages/patrol_pkg-0.0.0-py3.10.egg-info/zip-safe
/home/soethutun/final/install/patrol_pkg/lib/patrol_pkg/controller_node
/home/soethutun/final/install/patrol_pkg/lib/patrol_pkg/monitor_node
/home/soethutun/final/install/patrol_pkg/lib/patrol_pkg/my_node
/home/soethutun/final/install/patrol_pkg/lib/patrol_pkg/sensor_node
/home/soethutun/final/install/patrol_pkg/lib/patrol_pkg/virtual_sensor_tf
